{"numFailedTestSuites":1,"numFailedTests":23,"numPassedTestSuites":0,"numPassedTests":199,"numPendingTestSuites":0,"numPendingTests":0,"numRuntimeErrorTestSuites":0,"numTodoTests":0,"numTotalTestSuites":1,"numTotalTests":222,"openHandles":[],"snapshot":{"added":0,"didUpdate":false,"failure":true,"filesAdded":0,"filesRemoved":6,"filesRemovedList":["C:\\Users\\nm\\AppData\\Roaming\\Antigravity\\User\\workspaceStorage\\ab434c3515adf41cc5d8dd2976fca3a5\\redhat.java\\jdt_ws\\.metadata\\.plugins\\org.eclipse.core.resources\\3.snap","C:\\Users\\nm\\AppData\\Roaming\\Antigravity\\User\\workspaceStorage\\ab434c3515adf41cc5d8dd2976fca3a5\\redhat.java\\jdt_ws\\.metadata\\.plugins\\org.eclipse.core.resources\\.root\\.markers.snap","C:\\Users\\nm\\AppData\\Roaming\\Antigravity\\User\\workspaceStorage\\ab434c3515adf41cc5d8dd2976fca3a5\\redhat.java\\jdt_ws\\.metadata\\.plugins\\org.eclipse.core.resources\\.projects\\app\\.markers.snap","C:\\Users\\nm\\AppData\\Roaming\\Antigravity\\User\\workspaceStorage\\ab434c3515adf41cc5d8dd2976fca3a5\\redhat.java\\jdt_ws\\.metadata\\.plugins\\org.eclipse.core.resources\\.projects\\app\\.syncinfo.snap","C:\\Users\\nm\\AppData\\Roaming\\Antigravity\\User\\workspaceStorage\\ab434c3515adf41cc5d8dd2976fca3a5\\redhat.java\\jdt_ws\\.metadata\\.plugins\\org.eclipse.core.resources\\.projects\\OBD by NM-OBD_by_NM\\.markers.snap","C:\\Users\\nm\\AppData\\Roaming\\Antigravity\\User\\workspaceStorage\\ab434c3515adf41cc5d8dd2976fca3a5\\redhat.java\\jdt_ws\\.metadata\\.plugins\\org.eclipse.core.resources\\.projects\\OBD by NM-OBD_by_NM\\.syncinfo.snap"],"filesUnmatched":0,"filesUpdated":0,"matched":0,"total":0,"unchecked":0,"uncheckedKeysByFile":[],"unmatched":0,"updated":0},"startTime":1770889143971,"success":false,"testResults":[{"assertionResults":[{"ancestorTitles":["PhysicsEngine Exhaustive Suite","Club/Weather/Shot Matrix"],"duration":8,"failing":false,"failureDetails":[],"failureMessages":[],"fullName":"PhysicsEngine Exhaustive Suite Club/Weather/Shot Matrix Club: Dr | Weather: SeaLevelNoWind | Shot: Straight","invocations":1,"location":null,"numPassingAsserts":2,"retryReasons":[],"startAt":1770889144531,"status":"passed","title":"Club: Dr | Weather: SeaLevelNoWind | Shot: Straight"},{"ancestorTitles":["PhysicsEngine Exhaustive Suite","Club/Weather/Shot Matrix"],"duration":5,"failing":false,"failureDetails":[],"failureMessages":[],"fullName":"PhysicsEngine Exhaustive Suite Club/Weather/Shot Matrix Club: Dr | Weather: SeaLevelNoWind | Shot: Hook","invocations":1,"location":null,"numPassingAsserts":2,"retryReasons":[],"startAt":1770889144540,"status":"passed","title":"Club: Dr | Weather: SeaLevelNoWind | Shot: Hook"},{"ancestorTitles":["PhysicsEngine Exhaustive Suite","Club/Weather/Shot Matrix"],"duration":4,"failing":false,"failureDetails":[],"failureMessages":[],"fullName":"PhysicsEngine Exhaustive Suite Club/Weather/Shot Matrix Club: Dr | Weather: SeaLevelNoWind | Shot: Slice","invocations":1,"location":null,"numPassingAsserts":2,"retryReasons":[],"startAt":1770889144546,"status":"passed","title":"Club: Dr | Weather: SeaLevelNoWind | Shot: Slice"},{"ancestorTitles":["PhysicsEngine Exhaustive Suite","Club/Weather/Shot Matrix"],"duration":4,"failing":false,"failureDetails":[],"failureMessages":[],"fullName":"PhysicsEngine Exhaustive Suite Club/Weather/Shot Matrix Club: Dr | Weather: SeaLevelNoWind | Shot: HighDraw","invocations":1,"location":null,"numPassingAsserts":2,"retryReasons":[],"startAt":1770889144551,"status":"passed","title":"Club: Dr | Weather: SeaLevelNoWind | Shot: HighDraw"},{"ancestorTitles":["PhysicsEngine Exhaustive Suite","Club/Weather/Shot Matrix"],"duration":4,"failing":false,"failureDetails":[],"failureMessages":[],"fullName":"PhysicsEngine Exhaustive Suite Club/Weather/Shot Matrix Club: Dr | Weather: HighAltHot | Shot: Straight","invocations":1,"location":null,"numPassingAsserts":2,"retryReasons":[],"startAt":1770889144555,"status":"passed","title":"Club: Dr | Weather: HighAltHot | Shot: Straight"},{"ancestorTitles":["PhysicsEngine Exhaustive Suite","Club/Weather/Shot Matrix"],"duration":3,"failing":false,"failureDetails":[],"failureMessages":[],"fullName":"PhysicsEngine Exhaustive Suite Club/Weather/Shot Matrix Club: Dr | Weather: HighAltHot | Shot: Hook","invocations":1,"location":null,"numPassingAsserts":2,"retryReasons":[],"startAt":1770889144560,"status":"passed","title":"Club: Dr | Weather: HighAltHot | Shot: Hook"},{"ancestorTitles":["PhysicsEngine Exhaustive Suite","Club/Weather/Shot Matrix"],"duration":3,"failing":false,"failureDetails":[],"failureMessages":[],"fullName":"PhysicsEngine Exhaustive Suite Club/Weather/Shot Matrix Club: Dr | Weather: HighAltHot | Shot: Slice","invocations":1,"location":null,"numPassingAsserts":2,"retryReasons":[],"startAt":1770889144564,"status":"passed","title":"Club: Dr | Weather: HighAltHot | Shot: Slice"},{"ancestorTitles":["PhysicsEngine Exhaustive Suite","Club/Weather/Shot Matrix"],"duration":3,"failing":false,"failureDetails":[],"failureMessages":[],"fullName":"PhysicsEngine Exhaustive Suite Club/Weather/Shot Matrix Club: Dr | Weather: HighAltHot | Shot: HighDraw","invocations":1,"location":null,"numPassingAsserts":2,"retryReasons":[],"startAt":1770889144567,"status":"passed","title":"Club: Dr | Weather: HighAltHot | Shot: HighDraw"},{"ancestorTitles":["PhysicsEngine Exhaustive Suite","Club/Weather/Shot Matrix"],"duration":3,"failing":false,"failureDetails":[],"failureMessages":[],"fullName":"PhysicsEngine Exhaustive Suite Club/Weather/Shot Matrix Club: Dr | Weather: LowAltColdTail | Shot: Straight","invocations":1,"location":null,"numPassingAsserts":2,"retryReasons":[],"startAt":1770889144571,"status":"passed","title":"Club: Dr | Weather: LowAltColdTail | Shot: Straight"},{"ancestorTitles":["PhysicsEngine Exhaustive Suite","Club/Weather/Shot Matrix"],"duration":4,"failing":false,"failureDetails":[],"failureMessages":[],"fullName":"PhysicsEngine Exhaustive Suite Club/Weather/Shot Matrix Club: Dr | Weather: LowAltColdTail | Shot: Hook","invocations":1,"location":null,"numPassingAsserts":2,"retryReasons":[],"startAt":1770889144575,"status":"passed","title":"Club: Dr | Weather: LowAltColdTail | Shot: Hook"},{"ancestorTitles":["PhysicsEngine Exhaustive Suite","Club/Weather/Shot Matrix"],"duration":4,"failing":false,"failureDetails":[],"failureMessages":[],"fullName":"PhysicsEngine Exhaustive Suite Club/Weather/Shot Matrix Club: Dr | Weather: LowAltColdTail | Shot: Slice","invocations":1,"location":null,"numPassingAsserts":2,"retryReasons":[],"startAt":1770889144579,"status":"passed","title":"Club: Dr | Weather: LowAltColdTail | Shot: Slice"},{"ancestorTitles":["PhysicsEngine Exhaustive Suite","Club/Weather/Shot Matrix"],"duration":4,"failing":false,"failureDetails":[],"failureMessages":[],"fullName":"PhysicsEngine Exhaustive Suite Club/Weather/Shot Matrix Club: Dr | Weather: LowAltColdTail | Shot: HighDraw","invocations":1,"location":null,"numPassingAsserts":2,"retryReasons":[],"startAt":1770889144583,"status":"passed","title":"Club: Dr | Weather: LowAltColdTail | Shot: HighDraw"},{"ancestorTitles":["PhysicsEngine Exhaustive Suite","Club/Weather/Shot Matrix"],"duration":8,"failing":false,"failureDetails":[],"failureMessages":[],"fullName":"PhysicsEngine Exhaustive Suite Club/Weather/Shot Matrix Club: Dr | Weather: Headwind | Shot: Straight","invocations":1,"location":null,"numPassingAsserts":3,"retryReasons":[],"startAt":1770889144587,"status":"passed","title":"Club: Dr | Weather: Headwind | Shot: Straight"},{"ancestorTitles":["PhysicsEngine Exhaustive Suite","Club/Weather/Shot Matrix"],"duration":9,"failing":false,"failureDetails":[],"failureMessages":[],"fullName":"PhysicsEngine Exhaustive Suite Club/Weather/Shot Matrix Club: Dr | Weather: Headwind | Shot: Hook","invocations":1,"location":null,"numPassingAsserts":3,"retryReasons":[],"startAt":1770889144596,"status":"passed","title":"Club: Dr | Weather: Headwind | Shot: Hook"},{"ancestorTitles":["PhysicsEngine Exhaustive Suite","Club/Weather/Shot Matrix"],"duration":8,"failing":false,"failureDetails":[],"failureMessages":[],"fullName":"PhysicsEngine Exhaustive Suite Club/Weather/Shot Matrix Club: Dr | Weather: Headwind | Shot: Slice","invocations":1,"location":null,"numPassingAsserts":3,"retryReasons":[],"startAt":1770889144606,"status":"passed","title":"Club: Dr | Weather: Headwind | Shot: Slice"},{"ancestorTitles":["PhysicsEngine Exhaustive Suite","Club/Weather/Shot Matrix"],"duration":7,"failing":false,"failureDetails":[],"failureMessages":[],"fullName":"PhysicsEngine Exhaustive Suite Club/Weather/Shot Matrix Club: Dr | Weather: Headwind | Shot: HighDraw","invocations":1,"location":null,"numPassingAsserts":3,"retryReasons":[],"startAt":1770889144615,"status":"passed","title":"Club: Dr | Weather: Headwind | Shot: HighDraw"},{"ancestorTitles":["PhysicsEngine Exhaustive Suite","Club/Weather/Shot Matrix"],"duration":5,"failing":false,"failureDetails":[{"matcherResult":{"message":"\u001b[2mexpect(\u001b[22m\u001b[31mreceived\u001b[39m\u001b[2m).\u001b[22mtoBeGreaterThan\u001b[2m(\u001b[22m\u001b[32mexpected\u001b[39m\u001b[2m)\u001b[22m\n\nExpected: > \u001b[32m10\u001b[39m\nReceived:   \u001b[31m7.450019311659754\u001b[39m","pass":false}}],"failureMessages":["Error: \u001b[2mexpect(\u001b[22m\u001b[31mreceived\u001b[39m\u001b[2m).\u001b[22mtoBeGreaterThan\u001b[2m(\u001b[22m\u001b[32mexpected\u001b[39m\u001b[2m)\u001b[22m\n\nExpected: > \u001b[32m10\u001b[39m\nReceived:   \u001b[31m7.450019311659754\u001b[39m\n    at Object.toBeGreaterThan (C:\\Users\\nm\\Documents\\Dev_NM\\Golf_Lab_NM\\tests\\physics.test.js:53:65)\n    at Promise.finally.completed (C:\\Users\\nm\\AppData\\Local\\npm-cache\\_npx\\b8d86e6551a4f492\\node_modules\\jest-circus\\build\\jestAdapterInit.js:1557:28)\n    at new Promise (<anonymous>)\n    at callAsyncCircusFn (C:\\Users\\nm\\AppData\\Local\\npm-cache\\_npx\\b8d86e6551a4f492\\node_modules\\jest-circus\\build\\jestAdapterInit.js:1497:10)\n    at _callCircusTest (C:\\Users\\nm\\AppData\\Local\\npm-cache\\_npx\\b8d86e6551a4f492\\node_modules\\jest-circus\\build\\jestAdapterInit.js:1007:40)\n    at processTicksAndRejections (node:internal/process/task_queues:105:5)\n    at _runTest (C:\\Users\\nm\\AppData\\Local\\npm-cache\\_npx\\b8d86e6551a4f492\\node_modules\\jest-circus\\build\\jestAdapterInit.js:947:3)\n    at C:\\Users\\nm\\AppData\\Local\\npm-cache\\_npx\\b8d86e6551a4f492\\node_modules\\jest-circus\\build\\jestAdapterInit.js:849:7\n    at _runTestsForDescribeBlock (C:\\Users\\nm\\AppData\\Local\\npm-cache\\_npx\\b8d86e6551a4f492\\node_modules\\jest-circus\\build\\jestAdapterInit.js:862:11)\n    at _runTestsForDescribeBlock (C:\\Users\\nm\\AppData\\Local\\npm-cache\\_npx\\b8d86e6551a4f492\\node_modules\\jest-circus\\build\\jestAdapterInit.js:857:11)\n    at _runTestsForDescribeBlock (C:\\Users\\nm\\AppData\\Local\\npm-cache\\_npx\\b8d86e6551a4f492\\node_modules\\jest-circus\\build\\jestAdapterInit.js:857:11)\n    at run (C:\\Users\\nm\\AppData\\Local\\npm-cache\\_npx\\b8d86e6551a4f492\\node_modules\\jest-circus\\build\\jestAdapterInit.js:761:3)\n    at runAndTransformResultsToJestFormat (C:\\Users\\nm\\AppData\\Local\\npm-cache\\_npx\\b8d86e6551a4f492\\node_modules\\jest-circus\\build\\jestAdapterInit.js:1918:21)\n    at jestAdapter (C:\\Users\\nm\\AppData\\Local\\npm-cache\\_npx\\b8d86e6551a4f492\\node_modules\\jest-circus\\build\\runner.js:101:19)\n    at runTestInternal (C:\\Users\\nm\\AppData\\Local\\npm-cache\\_npx\\b8d86e6551a4f492\\node_modules\\jest-runner\\build\\index.js:275:16)\n    at runTest (C:\\Users\\nm\\AppData\\Local\\npm-cache\\_npx\\b8d86e6551a4f492\\node_modules\\jest-runner\\build\\index.js:343:7)"],"fullName":"PhysicsEngine Exhaustive Suite Club/Weather/Shot Matrix Club: Dr | Weather: CrosswindLeft | Shot: Straight","invocations":1,"location":null,"numPassingAsserts":2,"retryReasons":[],"startAt":1770889144623,"status":"failed","title":"Club: Dr | Weather: CrosswindLeft | Shot: Straight"},{"ancestorTitles":["PhysicsEngine Exhaustive Suite","Club/Weather/Shot Matrix"],"duration":5,"failing":false,"failureDetails":[{"matcherResult":{"message":"\u001b[2mexpect(\u001b[22m\u001b[31mreceived\u001b[39m\u001b[2m).\u001b[22mtoBeGreaterThan\u001b[2m(\u001b[22m\u001b[32mexpected\u001b[39m\u001b[2m)\u001b[22m\n\nExpected: > \u001b[32m10\u001b[39m\nReceived:   \u001b[31m-8.303354680618959\u001b[39m","pass":false}}],"failureMessages":["Error: \u001b[2mexpect(\u001b[22m\u001b[31mreceived\u001b[39m\u001b[2m).\u001b[22mtoBeGreaterThan\u001b[2m(\u001b[22m\u001b[32mexpected\u001b[39m\u001b[2m)\u001b[22m\n\nExpected: > \u001b[32m10\u001b[39m\nReceived:   \u001b[31m-8.303354680618959\u001b[39m\n    at Object.toBeGreaterThan (C:\\Users\\nm\\Documents\\Dev_NM\\Golf_Lab_NM\\tests\\physics.test.js:53:65)\n    at Promise.finally.completed (C:\\Users\\nm\\AppData\\Local\\npm-cache\\_npx\\b8d86e6551a4f492\\node_modules\\jest-circus\\build\\jestAdapterInit.js:1557:28)\n    at new Promise (<anonymous>)\n    at callAsyncCircusFn (C:\\Users\\nm\\AppData\\Local\\npm-cache\\_npx\\b8d86e6551a4f492\\node_modules\\jest-circus\\build\\jestAdapterInit.js:1497:10)\n    at _callCircusTest (C:\\Users\\nm\\AppData\\Local\\npm-cache\\_npx\\b8d86e6551a4f492\\node_modules\\jest-circus\\build\\jestAdapterInit.js:1007:40)\n    at processTicksAndRejections (node:internal/process/task_queues:105:5)\n    at _runTest (C:\\Users\\nm\\AppData\\Local\\npm-cache\\_npx\\b8d86e6551a4f492\\node_modules\\jest-circus\\build\\jestAdapterInit.js:947:3)\n    at C:\\Users\\nm\\AppData\\Local\\npm-cache\\_npx\\b8d86e6551a4f492\\node_modules\\jest-circus\\build\\jestAdapterInit.js:849:7\n    at _runTestsForDescribeBlock (C:\\Users\\nm\\AppData\\Local\\npm-cache\\_npx\\b8d86e6551a4f492\\node_modules\\jest-circus\\build\\jestAdapterInit.js:862:11)\n    at _runTestsForDescribeBlock (C:\\Users\\nm\\AppData\\Local\\npm-cache\\_npx\\b8d86e6551a4f492\\node_modules\\jest-circus\\build\\jestAdapterInit.js:857:11)\n    at _runTestsForDescribeBlock (C:\\Users\\nm\\AppData\\Local\\npm-cache\\_npx\\b8d86e6551a4f492\\node_modules\\jest-circus\\build\\jestAdapterInit.js:857:11)\n    at run (C:\\Users\\nm\\AppData\\Local\\npm-cache\\_npx\\b8d86e6551a4f492\\node_modules\\jest-circus\\build\\jestAdapterInit.js:761:3)\n    at runAndTransformResultsToJestFormat (C:\\Users\\nm\\AppData\\Local\\npm-cache\\_npx\\b8d86e6551a4f492\\node_modules\\jest-circus\\build\\jestAdapterInit.js:1918:21)\n    at jestAdapter (C:\\Users\\nm\\AppData\\Local\\npm-cache\\_npx\\b8d86e6551a4f492\\node_modules\\jest-circus\\build\\runner.js:101:19)\n    at runTestInternal (C:\\Users\\nm\\AppData\\Local\\npm-cache\\_npx\\b8d86e6551a4f492\\node_modules\\jest-runner\\build\\index.js:275:16)\n    at runTest (C:\\Users\\nm\\AppData\\Local\\npm-cache\\_npx\\b8d86e6551a4f492\\node_modules\\jest-runner\\build\\index.js:343:7)"],"fullName":"PhysicsEngine Exhaustive Suite Club/Weather/Shot Matrix Club: Dr | Weather: CrosswindLeft | Shot: Hook","invocations":1,"location":null,"numPassingAsserts":2,"retryReasons":[],"startAt":1770889144635,"status":"failed","title":"Club: Dr | Weather: CrosswindLeft | Shot: Hook"},{"ancestorTitles":["PhysicsEngine Exhaustive Suite","Club/Weather/Shot Matrix"],"duration":4,"failing":false,"failureDetails":[],"failureMessages":[],"fullName":"PhysicsEngine Exhaustive Suite Club/Weather/Shot Matrix Club: Dr | Weather: CrosswindLeft | Shot: Slice","invocations":1,"location":null,"numPassingAsserts":3,"retryReasons":[],"startAt":1770889144641,"status":"passed","title":"Club: Dr | Weather: CrosswindLeft | Shot: Slice"},{"ancestorTitles":["PhysicsEngine Exhaustive Suite","Club/Weather/Shot Matrix"],"duration":4,"failing":false,"failureDetails":[{"matcherResult":{"message":"\u001b[2mexpect(\u001b[22m\u001b[31mreceived\u001b[39m\u001b[2m).\u001b[22mtoBeGreaterThan\u001b[2m(\u001b[22m\u001b[32mexpected\u001b[39m\u001b[2m)\u001b[22m\n\nExpected: > \u001b[32m10\u001b[39m\nReceived:   \u001b[31m-31.670588560244\u001b[39m","pass":false}}],"failureMessages":["Error: \u001b[2mexpect(\u001b[22m\u001b[31mreceived\u001b[39m\u001b[2m).\u001b[22mtoBeGreaterThan\u001b[2m(\u001b[22m\u001b[32mexpected\u001b[39m\u001b[2m)\u001b[22m\n\nExpected: > \u001b[32m10\u001b[39m\nReceived:   \u001b[31m-31.670588560244\u001b[39m\n    at Object.toBeGreaterThan (C:\\Users\\nm\\Documents\\Dev_NM\\Golf_Lab_NM\\tests\\physics.test.js:53:65)\n    at Promise.finally.completed (C:\\Users\\nm\\AppData\\Local\\npm-cache\\_npx\\b8d86e6551a4f492\\node_modules\\jest-circus\\build\\jestAdapterInit.js:1557:28)\n    at new Promise (<anonymous>)\n    at callAsyncCircusFn (C:\\Users\\nm\\AppData\\Local\\npm-cache\\_npx\\b8d86e6551a4f492\\node_modules\\jest-circus\\build\\jestAdapterInit.js:1497:10)\n    at _callCircusTest (C:\\Users\\nm\\AppData\\Local\\npm-cache\\_npx\\b8d86e6551a4f492\\node_modules\\jest-circus\\build\\jestAdapterInit.js:1007:40)\n    at processTicksAndRejections (node:internal/process/task_queues:105:5)\n    at _runTest (C:\\Users\\nm\\AppData\\Local\\npm-cache\\_npx\\b8d86e6551a4f492\\node_modules\\jest-circus\\build\\jestAdapterInit.js:947:3)\n    at C:\\Users\\nm\\AppData\\Local\\npm-cache\\_npx\\b8d86e6551a4f492\\node_modules\\jest-circus\\build\\jestAdapterInit.js:849:7\n    at _runTestsForDescribeBlock (C:\\Users\\nm\\AppData\\Local\\npm-cache\\_npx\\b8d86e6551a4f492\\node_modules\\jest-circus\\build\\jestAdapterInit.js:862:11)\n    at _runTestsForDescribeBlock (C:\\Users\\nm\\AppData\\Local\\npm-cache\\_npx\\b8d86e6551a4f492\\node_modules\\jest-circus\\build\\jestAdapterInit.js:857:11)\n    at _runTestsForDescribeBlock (C:\\Users\\nm\\AppData\\Local\\npm-cache\\_npx\\b8d86e6551a4f492\\node_modules\\jest-circus\\build\\jestAdapterInit.js:857:11)\n    at run (C:\\Users\\nm\\AppData\\Local\\npm-cache\\_npx\\b8d86e6551a4f492\\node_modules\\jest-circus\\build\\jestAdapterInit.js:761:3)\n    at runAndTransformResultsToJestFormat (C:\\Users\\nm\\AppData\\Local\\npm-cache\\_npx\\b8d86e6551a4f492\\node_modules\\jest-circus\\build\\jestAdapterInit.js:1918:21)\n    at jestAdapter (C:\\Users\\nm\\AppData\\Local\\npm-cache\\_npx\\b8d86e6551a4f492\\node_modules\\jest-circus\\build\\runner.js:101:19)\n    at runTestInternal (C:\\Users\\nm\\AppData\\Local\\npm-cache\\_npx\\b8d86e6551a4f492\\node_modules\\jest-runner\\build\\index.js:275:16)\n    at runTest (C:\\Users\\nm\\AppData\\Local\\npm-cache\\_npx\\b8d86e6551a4f492\\node_modules\\jest-runner\\build\\index.js:343:7)"],"fullName":"PhysicsEngine Exhaustive Suite Club/Weather/Shot Matrix Club: Dr | Weather: CrosswindLeft | Shot: HighDraw","invocations":1,"location":null,"numPassingAsserts":2,"retryReasons":[],"startAt":1770889144646,"status":"failed","title":"Club: Dr | Weather: CrosswindLeft | Shot: HighDraw"},{"ancestorTitles":["PhysicsEngine Exhaustive Suite","Club/Weather/Shot Matrix"],"duration":5,"failing":false,"failureDetails":[],"failureMessages":[],"fullName":"PhysicsEngine Exhaustive Suite Club/Weather/Shot Matrix Club: 3W | Weather: SeaLevelNoWind | Shot: Straight","invocations":1,"location":null,"numPassingAsserts":2,"retryReasons":[],"startAt":1770889144651,"status":"passed","title":"Club: 3W | Weather: SeaLevelNoWind | Shot: Straight"},{"ancestorTitles":["PhysicsEngine Exhaustive Suite","Club/Weather/Shot Matrix"],"duration":5,"failing":false,"failureDetails":[],"failureMessages":[],"fullName":"PhysicsEngine Exhaustive Suite Club/Weather/Shot Matrix Club: 3W | Weather: SeaLevelNoWind | Shot: Hook","invocations":1,"location":null,"numPassingAsserts":2,"retryReasons":[],"startAt":1770889144656,"status":"passed","title":"Club: 3W | Weather: SeaLevelNoWind | Shot: Hook"},{"ancestorTitles":["PhysicsEngine Exhaustive Suite","Club/Weather/Shot Matrix"],"duration":5,"failing":false,"failureDetails":[],"failureMessages":[],"fullName":"PhysicsEngine Exhaustive Suite Club/Weather/Shot Matrix Club: 3W | Weather: SeaLevelNoWind | Shot: Slice","invocations":1,"location":null,"numPassingAsserts":2,"retryReasons":[],"startAt":1770889144661,"status":"passed","title":"Club: 3W | Weather: SeaLevelNoWind | Shot: Slice"},{"ancestorTitles":["PhysicsEngine Exhaustive Suite","Club/Weather/Shot Matrix"],"duration":5,"failing":false,"failureDetails":[],"failureMessages":[],"fullName":"PhysicsEngine Exhaustive Suite Club/Weather/Shot Matrix Club: 3W | Weather: SeaLevelNoWind | Shot: HighDraw","invocations":1,"location":null,"numPassingAsserts":2,"retryReasons":[],"startAt":1770889144666,"status":"passed","title":"Club: 3W | Weather: SeaLevelNoWind | Shot: HighDraw"},{"ancestorTitles":["PhysicsEngine Exhaustive Suite","Club/Weather/Shot Matrix"],"duration":4,"failing":false,"failureDetails":[],"failureMessages":[],"fullName":"PhysicsEngine Exhaustive Suite Club/Weather/Shot Matrix Club: 3W | Weather: HighAltHot | Shot: Straight","invocations":1,"location":null,"numPassingAsserts":2,"retryReasons":[],"startAt":1770889144671,"status":"passed","title":"Club: 3W | Weather: HighAltHot | Shot: Straight"},{"ancestorTitles":["PhysicsEngine Exhaustive Suite","Club/Weather/Shot Matrix"],"duration":3,"failing":false,"failureDetails":[],"failureMessages":[],"fullName":"PhysicsEngine Exhaustive Suite Club/Weather/Shot Matrix Club: 3W | Weather: HighAltHot | Shot: Hook","invocations":1,"location":null,"numPassingAsserts":2,"retryReasons":[],"startAt":1770889144676,"status":"passed","title":"Club: 3W | Weather: HighAltHot | Shot: Hook"},{"ancestorTitles":["PhysicsEngine Exhaustive Suite","Club/Weather/Shot Matrix"],"duration":4,"failing":false,"failureDetails":[],"failureMessages":[],"fullName":"PhysicsEngine Exhaustive Suite Club/Weather/Shot Matrix Club: 3W | Weather: HighAltHot | Shot: Slice","invocations":1,"location":null,"numPassingAsserts":2,"retryReasons":[],"startAt":1770889144680,"status":"passed","title":"Club: 3W | Weather: HighAltHot | Shot: Slice"},{"ancestorTitles":["PhysicsEngine Exhaustive Suite","Club/Weather/Shot Matrix"],"duration":3,"failing":false,"failureDetails":[],"failureMessages":[],"fullName":"PhysicsEngine Exhaustive Suite Club/Weather/Shot Matrix Club: 3W | Weather: HighAltHot | Shot: HighDraw","invocations":1,"location":null,"numPassingAsserts":2,"retryReasons":[],"startAt":1770889144685,"status":"passed","title":"Club: 3W | Weather: HighAltHot | Shot: HighDraw"},{"ancestorTitles":["PhysicsEngine Exhaustive Suite","Club/Weather/Shot Matrix"],"duration":4,"failing":false,"failureDetails":[],"failureMessages":[],"fullName":"PhysicsEngine Exhaustive Suite Club/Weather/Shot Matrix Club: 3W | Weather: LowAltColdTail | Shot: Straight","invocations":1,"location":null,"numPassingAsserts":2,"retryReasons":[],"startAt":1770889144689,"status":"passed","title":"Club: 3W | Weather: LowAltColdTail | Shot: Straight"},{"ancestorTitles":["PhysicsEngine Exhaustive Suite","Club/Weather/Shot Matrix"],"duration":4,"failing":false,"failureDetails":[],"failureMessages":[],"fullName":"PhysicsEngine Exhaustive Suite Club/Weather/Shot Matrix Club: 3W | Weather: LowAltColdTail | Shot: Hook","invocations":1,"location":null,"numPassingAsserts":2,"retryReasons":[],"startAt":1770889144693,"status":"passed","title":"Club: 3W | Weather: LowAltColdTail | Shot: Hook"},{"ancestorTitles":["PhysicsEngine Exhaustive Suite","Club/Weather/Shot Matrix"],"duration":3,"failing":false,"failureDetails":[],"failureMessages":[],"fullName":"PhysicsEngine Exhaustive Suite Club/Weather/Shot Matrix Club: 3W | Weather: LowAltColdTail | Shot: Slice","invocations":1,"location":null,"numPassingAsserts":2,"retryReasons":[],"startAt":1770889144698,"status":"passed","title":"Club: 3W | Weather: LowAltColdTail | Shot: Slice"},{"ancestorTitles":["PhysicsEngine Exhaustive Suite","Club/Weather/Shot Matrix"],"duration":3,"failing":false,"failureDetails":[],"failureMessages":[],"fullName":"PhysicsEngine Exhaustive Suite Club/Weather/Shot Matrix Club: 3W | Weather: LowAltColdTail | Shot: HighDraw","invocations":1,"location":null,"numPassingAsserts":2,"retryReasons":[],"startAt":1770889144702,"status":"passed","title":"Club: 3W | Weather: LowAltColdTail | Shot: HighDraw"},{"ancestorTitles":["PhysicsEngine Exhaustive Suite","Club/Weather/Shot Matrix"],"duration":10,"failing":false,"failureDetails":[],"failureMessages":[],"fullName":"PhysicsEngine Exhaustive Suite Club/Weather/Shot Matrix Club: 3W | Weather: Headwind | Shot: Straight","invocations":1,"location":null,"numPassingAsserts":3,"retryReasons":[],"startAt":1770889144706,"status":"passed","title":"Club: 3W | Weather: Headwind | Shot: Straight"},{"ancestorTitles":["PhysicsEngine Exhaustive Suite","Club/Weather/Shot Matrix"],"duration":10,"failing":false,"failureDetails":[],"failureMessages":[],"fullName":"PhysicsEngine Exhaustive Suite Club/Weather/Shot Matrix Club: 3W | Weather: Headwind | Shot: Hook","invocations":1,"location":null,"numPassingAsserts":3,"retryReasons":[],"startAt":1770889144716,"status":"passed","title":"Club: 3W | Weather: Headwind | Shot: Hook"},{"ancestorTitles":["PhysicsEngine Exhaustive Suite","Club/Weather/Shot Matrix"],"duration":10,"failing":false,"failureDetails":[],"failureMessages":[],"fullName":"PhysicsEngine Exhaustive Suite Club/Weather/Shot Matrix Club: 3W | Weather: Headwind | Shot: Slice","invocations":1,"location":null,"numPassingAsserts":3,"retryReasons":[],"startAt":1770889144726,"status":"passed","title":"Club: 3W | Weather: Headwind | Shot: Slice"},{"ancestorTitles":["PhysicsEngine Exhaustive Suite","Club/Weather/Shot Matrix"],"duration":9,"failing":false,"failureDetails":[],"failureMessages":[],"fullName":"PhysicsEngine Exhaustive Suite Club/Weather/Shot Matrix Club: 3W | Weather: Headwind | Shot: HighDraw","invocations":1,"location":null,"numPassingAsserts":3,"retryReasons":[],"startAt":1770889144736,"status":"passed","title":"Club: 3W | Weather: Headwind | Shot: HighDraw"},{"ancestorTitles":["PhysicsEngine Exhaustive Suite","Club/Weather/Shot Matrix"],"duration":4,"failing":false,"failureDetails":[],"failureMessages":[],"fullName":"PhysicsEngine Exhaustive Suite Club/Weather/Shot Matrix Club: 3W | Weather: CrosswindLeft | Shot: Straight","invocations":1,"location":null,"numPassingAsserts":3,"retryReasons":[],"startAt":1770889144746,"status":"passed","title":"Club: 3W | Weather: CrosswindLeft | Shot: Straight"},{"ancestorTitles":["PhysicsEngine Exhaustive Suite","Club/Weather/Shot Matrix"],"duration":4,"failing":false,"failureDetails":[{"matcherResult":{"message":"\u001b[2mexpect(\u001b[22m\u001b[31mreceived\u001b[39m\u001b[2m).\u001b[22mtoBeGreaterThan\u001b[2m(\u001b[22m\u001b[32mexpected\u001b[39m\u001b[2m)\u001b[22m\n\nExpected: > \u001b[32m10\u001b[39m\nReceived:   \u001b[31m-4.831833018552479\u001b[39m","pass":false}}],"failureMessages":["Error: \u001b[2mexpect(\u001b[22m\u001b[31mreceived\u001b[39m\u001b[2m).\u001b[22mtoBeGreaterThan\u001b[2m(\u001b[22m\u001b[32mexpected\u001b[39m\u001b[2m)\u001b[22m\n\nExpected: > \u001b[32m10\u001b[39m\nReceived:   \u001b[31m-4.831833018552479\u001b[39m\n    at Object.toBeGreaterThan (C:\\Users\\nm\\Documents\\Dev_NM\\Golf_Lab_NM\\tests\\physics.test.js:53:65)\n    at Promise.finally.completed (C:\\Users\\nm\\AppData\\Local\\npm-cache\\_npx\\b8d86e6551a4f492\\node_modules\\jest-circus\\build\\jestAdapterInit.js:1557:28)\n    at new Promise (<anonymous>)\n    at callAsyncCircusFn (C:\\Users\\nm\\AppData\\Local\\npm-cache\\_npx\\b8d86e6551a4f492\\node_modules\\jest-circus\\build\\jestAdapterInit.js:1497:10)\n    at _callCircusTest (C:\\Users\\nm\\AppData\\Local\\npm-cache\\_npx\\b8d86e6551a4f492\\node_modules\\jest-circus\\build\\jestAdapterInit.js:1007:40)\n    at processTicksAndRejections (node:internal/process/task_queues:105:5)\n    at _runTest (C:\\Users\\nm\\AppData\\Local\\npm-cache\\_npx\\b8d86e6551a4f492\\node_modules\\jest-circus\\build\\jestAdapterInit.js:947:3)\n    at C:\\Users\\nm\\AppData\\Local\\npm-cache\\_npx\\b8d86e6551a4f492\\node_modules\\jest-circus\\build\\jestAdapterInit.js:849:7\n    at _runTestsForDescribeBlock (C:\\Users\\nm\\AppData\\Local\\npm-cache\\_npx\\b8d86e6551a4f492\\node_modules\\jest-circus\\build\\jestAdapterInit.js:862:11)\n    at _runTestsForDescribeBlock (C:\\Users\\nm\\AppData\\Local\\npm-cache\\_npx\\b8d86e6551a4f492\\node_modules\\jest-circus\\build\\jestAdapterInit.js:857:11)\n    at _runTestsForDescribeBlock (C:\\Users\\nm\\AppData\\Local\\npm-cache\\_npx\\b8d86e6551a4f492\\node_modules\\jest-circus\\build\\jestAdapterInit.js:857:11)\n    at run (C:\\Users\\nm\\AppData\\Local\\npm-cache\\_npx\\b8d86e6551a4f492\\node_modules\\jest-circus\\build\\jestAdapterInit.js:761:3)\n    at runAndTransformResultsToJestFormat (C:\\Users\\nm\\AppData\\Local\\npm-cache\\_npx\\b8d86e6551a4f492\\node_modules\\jest-circus\\build\\jestAdapterInit.js:1918:21)\n    at jestAdapter (C:\\Users\\nm\\AppData\\Local\\npm-cache\\_npx\\b8d86e6551a4f492\\node_modules\\jest-circus\\build\\runner.js:101:19)\n    at runTestInternal (C:\\Users\\nm\\AppData\\Local\\npm-cache\\_npx\\b8d86e6551a4f492\\node_modules\\jest-runner\\build\\index.js:275:16)\n    at runTest (C:\\Users\\nm\\AppData\\Local\\npm-cache\\_npx\\b8d86e6551a4f492\\node_modules\\jest-runner\\build\\index.js:343:7)"],"fullName":"PhysicsEngine Exhaustive Suite Club/Weather/Shot Matrix Club: 3W | Weather: CrosswindLeft | Shot: Hook","invocations":1,"location":null,"numPassingAsserts":2,"retryReasons":[],"startAt":1770889144751,"status":"failed","title":"Club: 3W | Weather: CrosswindLeft | Shot: Hook"},{"ancestorTitles":["PhysicsEngine Exhaustive Suite","Club/Weather/Shot Matrix"],"duration":5,"failing":false,"failureDetails":[],"failureMessages":[],"fullName":"PhysicsEngine Exhaustive Suite Club/Weather/Shot Matrix Club: 3W | Weather: CrosswindLeft | Shot: Slice","invocations":1,"location":null,"numPassingAsserts":3,"retryReasons":[],"startAt":1770889144756,"status":"passed","title":"Club: 3W | Weather: CrosswindLeft | Shot: Slice"},{"ancestorTitles":["PhysicsEngine Exhaustive Suite","Club/Weather/Shot Matrix"],"duration":5,"failing":false,"failureDetails":[{"matcherResult":{"message":"\u001b[2mexpect(\u001b[22m\u001b[31mreceived\u001b[39m\u001b[2m).\u001b[22mtoBeGreaterThan\u001b[2m(\u001b[22m\u001b[32mexpected\u001b[39m\u001b[2m)\u001b[22m\n\nExpected: > \u001b[32m10\u001b[39m\nReceived:   \u001b[31m-27.215754527605387\u001b[39m","pass":false}}],"failureMessages":["Error: \u001b[2mexpect(\u001b[22m\u001b[31mreceived\u001b[39m\u001b[2m).\u001b[22mtoBeGreaterThan\u001b[2m(\u001b[22m\u001b[32mexpected\u001b[39m\u001b[2m)\u001b[22m\n\nExpected: > \u001b[32m10\u001b[39m\nReceived:   \u001b[31m-27.215754527605387\u001b[39m\n    at Object.toBeGreaterThan (C:\\Users\\nm\\Documents\\Dev_NM\\Golf_Lab_NM\\tests\\physics.test.js:53:65)\n    at Promise.finally.completed (C:\\Users\\nm\\AppData\\Local\\npm-cache\\_npx\\b8d86e6551a4f492\\node_modules\\jest-circus\\build\\jestAdapterInit.js:1557:28)\n    at new Promise (<anonymous>)\n    at callAsyncCircusFn (C:\\Users\\nm\\AppData\\Local\\npm-cache\\_npx\\b8d86e6551a4f492\\node_modules\\jest-circus\\build\\jestAdapterInit.js:1497:10)\n    at _callCircusTest (C:\\Users\\nm\\AppData\\Local\\npm-cache\\_npx\\b8d86e6551a4f492\\node_modules\\jest-circus\\build\\jestAdapterInit.js:1007:40)\n    at processTicksAndRejections (node:internal/process/task_queues:105:5)\n    at _runTest (C:\\Users\\nm\\AppData\\Local\\npm-cache\\_npx\\b8d86e6551a4f492\\node_modules\\jest-circus\\build\\jestAdapterInit.js:947:3)\n    at C:\\Users\\nm\\AppData\\Local\\npm-cache\\_npx\\b8d86e6551a4f492\\node_modules\\jest-circus\\build\\jestAdapterInit.js:849:7\n    at _runTestsForDescribeBlock (C:\\Users\\nm\\AppData\\Local\\npm-cache\\_npx\\b8d86e6551a4f492\\node_modules\\jest-circus\\build\\jestAdapterInit.js:862:11)\n    at _runTestsForDescribeBlock (C:\\Users\\nm\\AppData\\Local\\npm-cache\\_npx\\b8d86e6551a4f492\\node_modules\\jest-circus\\build\\jestAdapterInit.js:857:11)\n    at _runTestsForDescribeBlock (C:\\Users\\nm\\AppData\\Local\\npm-cache\\_npx\\b8d86e6551a4f492\\node_modules\\jest-circus\\build\\jestAdapterInit.js:857:11)\n    at run (C:\\Users\\nm\\AppData\\Local\\npm-cache\\_npx\\b8d86e6551a4f492\\node_modules\\jest-circus\\build\\jestAdapterInit.js:761:3)\n    at runAndTransformResultsToJestFormat (C:\\Users\\nm\\AppData\\Local\\npm-cache\\_npx\\b8d86e6551a4f492\\node_modules\\jest-circus\\build\\jestAdapterInit.js:1918:21)\n    at jestAdapter (C:\\Users\\nm\\AppData\\Local\\npm-cache\\_npx\\b8d86e6551a4f492\\node_modules\\jest-circus\\build\\runner.js:101:19)\n    at runTestInternal (C:\\Users\\nm\\AppData\\Local\\npm-cache\\_npx\\b8d86e6551a4f492\\node_modules\\jest-runner\\build\\index.js:275:16)\n    at runTest (C:\\Users\\nm\\AppData\\Local\\npm-cache\\_npx\\b8d86e6551a4f492\\node_modules\\jest-runner\\build\\index.js:343:7)"],"fullName":"PhysicsEngine Exhaustive Suite Club/Weather/Shot Matrix Club: 3W | Weather: CrosswindLeft | Shot: HighDraw","invocations":1,"location":null,"numPassingAsserts":2,"retryReasons":[],"startAt":1770889144762,"status":"failed","title":"Club: 3W | Weather: CrosswindLeft | Shot: HighDraw"},{"ancestorTitles":["PhysicsEngine Exhaustive Suite","Club/Weather/Shot Matrix"],"duration":5,"failing":false,"failureDetails":[],"failureMessages":[],"fullName":"PhysicsEngine Exhaustive Suite Club/Weather/Shot Matrix Club: 4i | Weather: SeaLevelNoWind | Shot: Straight","invocations":1,"location":null,"numPassingAsserts":2,"retryReasons":[],"startAt":1770889144768,"status":"passed","title":"Club: 4i | Weather: SeaLevelNoWind | Shot: Straight"},{"ancestorTitles":["PhysicsEngine Exhaustive Suite","Club/Weather/Shot Matrix"],"duration":6,"failing":false,"failureDetails":[],"failureMessages":[],"fullName":"PhysicsEngine Exhaustive Suite Club/Weather/Shot Matrix Club: 4i | Weather: SeaLevelNoWind | Shot: Hook","invocations":1,"location":null,"numPassingAsserts":2,"retryReasons":[],"startAt":1770889144773,"status":"passed","title":"Club: 4i | Weather: SeaLevelNoWind | Shot: Hook"},{"ancestorTitles":["PhysicsEngine Exhaustive Suite","Club/Weather/Shot Matrix"],"duration":6,"failing":false,"failureDetails":[],"failureMessages":[],"fullName":"PhysicsEngine Exhaustive Suite Club/Weather/Shot Matrix Club: 4i | Weather: SeaLevelNoWind | Shot: Slice","invocations":1,"location":null,"numPassingAsserts":2,"retryReasons":[],"startAt":1770889144779,"status":"passed","title":"Club: 4i | Weather: SeaLevelNoWind | Shot: Slice"},{"ancestorTitles":["PhysicsEngine Exhaustive Suite","Club/Weather/Shot Matrix"],"duration":6,"failing":false,"failureDetails":[],"failureMessages":[],"fullName":"PhysicsEngine Exhaustive Suite Club/Weather/Shot Matrix Club: 4i | Weather: SeaLevelNoWind | Shot: HighDraw","invocations":1,"location":null,"numPassingAsserts":2,"retryReasons":[],"startAt":1770889144785,"status":"passed","title":"Club: 4i | Weather: SeaLevelNoWind | Shot: HighDraw"},{"ancestorTitles":["PhysicsEngine Exhaustive Suite","Club/Weather/Shot Matrix"],"duration":5,"failing":false,"failureDetails":[],"failureMessages":[],"fullName":"PhysicsEngine Exhaustive Suite Club/Weather/Shot Matrix Club: 4i | Weather: HighAltHot | Shot: Straight","invocations":1,"location":null,"numPassingAsserts":2,"retryReasons":[],"startAt":1770889144791,"status":"passed","title":"Club: 4i | Weather: HighAltHot | Shot: Straight"},{"ancestorTitles":["PhysicsEngine Exhaustive Suite","Club/Weather/Shot Matrix"],"duration":4,"failing":false,"failureDetails":[],"failureMessages":[],"fullName":"PhysicsEngine Exhaustive Suite Club/Weather/Shot Matrix Club: 4i | Weather: HighAltHot | Shot: Hook","invocations":1,"location":null,"numPassingAsserts":2,"retryReasons":[],"startAt":1770889144797,"status":"passed","title":"Club: 4i | Weather: HighAltHot | Shot: Hook"},{"ancestorTitles":["PhysicsEngine Exhaustive Suite","Club/Weather/Shot Matrix"],"duration":5,"failing":false,"failureDetails":[],"failureMessages":[],"fullName":"PhysicsEngine Exhaustive Suite Club/Weather/Shot Matrix Club: 4i | Weather: HighAltHot | Shot: Slice","invocations":1,"location":null,"numPassingAsserts":2,"retryReasons":[],"startAt":1770889144802,"status":"passed","title":"Club: 4i | Weather: HighAltHot | Shot: Slice"},{"ancestorTitles":["PhysicsEngine Exhaustive Suite","Club/Weather/Shot Matrix"],"duration":5,"failing":false,"failureDetails":[],"failureMessages":[],"fullName":"PhysicsEngine Exhaustive Suite Club/Weather/Shot Matrix Club: 4i | Weather: HighAltHot | Shot: HighDraw","invocations":1,"location":null,"numPassingAsserts":2,"retryReasons":[],"startAt":1770889144807,"status":"passed","title":"Club: 4i | Weather: HighAltHot | Shot: HighDraw"},{"ancestorTitles":["PhysicsEngine Exhaustive Suite","Club/Weather/Shot Matrix"],"duration":4,"failing":false,"failureDetails":[],"failureMessages":[],"fullName":"PhysicsEngine Exhaustive Suite Club/Weather/Shot Matrix Club: 4i | Weather: LowAltColdTail | Shot: Straight","invocations":1,"location":null,"numPassingAsserts":2,"retryReasons":[],"startAt":1770889144812,"status":"passed","title":"Club: 4i | Weather: LowAltColdTail | Shot: Straight"},{"ancestorTitles":["PhysicsEngine Exhaustive Suite","Club/Weather/Shot Matrix"],"duration":4,"failing":false,"failureDetails":[],"failureMessages":[],"fullName":"PhysicsEngine Exhaustive Suite Club/Weather/Shot Matrix Club: 4i | Weather: LowAltColdTail | Shot: Hook","invocations":1,"location":null,"numPassingAsserts":2,"retryReasons":[],"startAt":1770889144817,"status":"passed","title":"Club: 4i | Weather: LowAltColdTail | Shot: Hook"},{"ancestorTitles":["PhysicsEngine Exhaustive Suite","Club/Weather/Shot Matrix"],"duration":4,"failing":false,"failureDetails":[],"failureMessages":[],"fullName":"PhysicsEngine Exhaustive Suite Club/Weather/Shot Matrix Club: 4i | Weather: LowAltColdTail | Shot: Slice","invocations":1,"location":null,"numPassingAsserts":2,"retryReasons":[],"startAt":1770889144822,"status":"passed","title":"Club: 4i | Weather: LowAltColdTail | Shot: Slice"},{"ancestorTitles":["PhysicsEngine Exhaustive Suite","Club/Weather/Shot Matrix"],"duration":4,"failing":false,"failureDetails":[],"failureMessages":[],"fullName":"PhysicsEngine Exhaustive Suite Club/Weather/Shot Matrix Club: 4i | Weather: LowAltColdTail | Shot: HighDraw","invocations":1,"location":null,"numPassingAsserts":2,"retryReasons":[],"startAt":1770889144827,"status":"passed","title":"Club: 4i | Weather: LowAltColdTail | Shot: HighDraw"},{"ancestorTitles":["PhysicsEngine Exhaustive Suite","Club/Weather/Shot Matrix"],"duration":11,"failing":false,"failureDetails":[],"failureMessages":[],"fullName":"PhysicsEngine Exhaustive Suite Club/Weather/Shot Matrix Club: 4i | Weather: Headwind | Shot: Straight","invocations":1,"location":null,"numPassingAsserts":3,"retryReasons":[],"startAt":1770889144832,"status":"passed","title":"Club: 4i | Weather: Headwind | Shot: Straight"},{"ancestorTitles":["PhysicsEngine Exhaustive Suite","Club/Weather/Shot Matrix"],"duration":11,"failing":false,"failureDetails":[],"failureMessages":[],"fullName":"PhysicsEngine Exhaustive Suite Club/Weather/Shot Matrix Club: 4i | Weather: Headwind | Shot: Hook","invocations":1,"location":null,"numPassingAsserts":3,"retryReasons":[],"startAt":1770889144843,"status":"passed","title":"Club: 4i | Weather: Headwind | Shot: Hook"},{"ancestorTitles":["PhysicsEngine Exhaustive Suite","Club/Weather/Shot Matrix"],"duration":11,"failing":false,"failureDetails":[],"failureMessages":[],"fullName":"PhysicsEngine Exhaustive Suite Club/Weather/Shot Matrix Club: 4i | Weather: Headwind | Shot: Slice","invocations":1,"location":null,"numPassingAsserts":3,"retryReasons":[],"startAt":1770889144855,"status":"passed","title":"Club: 4i | Weather: Headwind | Shot: Slice"},{"ancestorTitles":["PhysicsEngine Exhaustive Suite","Club/Weather/Shot Matrix"],"duration":11,"failing":false,"failureDetails":[],"failureMessages":[],"fullName":"PhysicsEngine Exhaustive Suite Club/Weather/Shot Matrix Club: 4i | Weather: Headwind | Shot: HighDraw","invocations":1,"location":null,"numPassingAsserts":3,"retryReasons":[],"startAt":1770889144866,"status":"passed","title":"Club: 4i | Weather: Headwind | Shot: HighDraw"},{"ancestorTitles":["PhysicsEngine Exhaustive Suite","Club/Weather/Shot Matrix"],"duration":5,"failing":false,"failureDetails":[],"failureMessages":[],"fullName":"PhysicsEngine Exhaustive Suite Club/Weather/Shot Matrix Club: 4i | Weather: CrosswindLeft | Shot: Straight","invocations":1,"location":null,"numPassingAsserts":3,"retryReasons":[],"startAt":1770889144878,"status":"passed","title":"Club: 4i | Weather: CrosswindLeft | Shot: Straight"},{"ancestorTitles":["PhysicsEngine Exhaustive Suite","Club/Weather/Shot Matrix"],"duration":5,"failing":false,"failureDetails":[{"matcherResult":{"message":"\u001b[2mexpect(\u001b[22m\u001b[31mreceived\u001b[39m\u001b[2m).\u001b[22mtoBeGreaterThan\u001b[2m(\u001b[22m\u001b[32mexpected\u001b[39m\u001b[2m)\u001b[22m\n\nExpected: > \u001b[32m10\u001b[39m\nReceived:   \u001b[31m0.8965693704214136\u001b[39m","pass":false}}],"failureMessages":["Error: \u001b[2mexpect(\u001b[22m\u001b[31mreceived\u001b[39m\u001b[2m).\u001b[22mtoBeGreaterThan\u001b[2m(\u001b[22m\u001b[32mexpected\u001b[39m\u001b[2m)\u001b[22m\n\nExpected: > \u001b[32m10\u001b[39m\nReceived:   \u001b[31m0.8965693704214136\u001b[39m\n    at Object.toBeGreaterThan (C:\\Users\\nm\\Documents\\Dev_NM\\Golf_Lab_NM\\tests\\physics.test.js:53:65)\n    at Promise.finally.completed (C:\\Users\\nm\\AppData\\Local\\npm-cache\\_npx\\b8d86e6551a4f492\\node_modules\\jest-circus\\build\\jestAdapterInit.js:1557:28)\n    at new Promise (<anonymous>)\n    at callAsyncCircusFn (C:\\Users\\nm\\AppData\\Local\\npm-cache\\_npx\\b8d86e6551a4f492\\node_modules\\jest-circus\\build\\jestAdapterInit.js:1497:10)\n    at _callCircusTest (C:\\Users\\nm\\AppData\\Local\\npm-cache\\_npx\\b8d86e6551a4f492\\node_modules\\jest-circus\\build\\jestAdapterInit.js:1007:40)\n    at processTicksAndRejections (node:internal/process/task_queues:105:5)\n    at _runTest (C:\\Users\\nm\\AppData\\Local\\npm-cache\\_npx\\b8d86e6551a4f492\\node_modules\\jest-circus\\build\\jestAdapterInit.js:947:3)\n    at C:\\Users\\nm\\AppData\\Local\\npm-cache\\_npx\\b8d86e6551a4f492\\node_modules\\jest-circus\\build\\jestAdapterInit.js:849:7\n    at _runTestsForDescribeBlock (C:\\Users\\nm\\AppData\\Local\\npm-cache\\_npx\\b8d86e6551a4f492\\node_modules\\jest-circus\\build\\jestAdapterInit.js:862:11)\n    at _runTestsForDescribeBlock (C:\\Users\\nm\\AppData\\Local\\npm-cache\\_npx\\b8d86e6551a4f492\\node_modules\\jest-circus\\build\\jestAdapterInit.js:857:11)\n    at _runTestsForDescribeBlock (C:\\Users\\nm\\AppData\\Local\\npm-cache\\_npx\\b8d86e6551a4f492\\node_modules\\jest-circus\\build\\jestAdapterInit.js:857:11)\n    at run (C:\\Users\\nm\\AppData\\Local\\npm-cache\\_npx\\b8d86e6551a4f492\\node_modules\\jest-circus\\build\\jestAdapterInit.js:761:3)\n    at runAndTransformResultsToJestFormat (C:\\Users\\nm\\AppData\\Local\\npm-cache\\_npx\\b8d86e6551a4f492\\node_modules\\jest-circus\\build\\jestAdapterInit.js:1918:21)\n    at jestAdapter (C:\\Users\\nm\\AppData\\Local\\npm-cache\\_npx\\b8d86e6551a4f492\\node_modules\\jest-circus\\build\\runner.js:101:19)\n    at runTestInternal (C:\\Users\\nm\\AppData\\Local\\npm-cache\\_npx\\b8d86e6551a4f492\\node_modules\\jest-runner\\build\\index.js:275:16)\n    at runTest (C:\\Users\\nm\\AppData\\Local\\npm-cache\\_npx\\b8d86e6551a4f492\\node_modules\\jest-runner\\build\\index.js:343:7)"],"fullName":"PhysicsEngine Exhaustive Suite Club/Weather/Shot Matrix Club: 4i | Weather: CrosswindLeft | Shot: Hook","invocations":1,"location":null,"numPassingAsserts":2,"retryReasons":[],"startAt":1770889144884,"status":"failed","title":"Club: 4i | Weather: CrosswindLeft | Shot: Hook"},{"ancestorTitles":["PhysicsEngine Exhaustive Suite","Club/Weather/Shot Matrix"],"duration":5,"failing":false,"failureDetails":[],"failureMessages":[],"fullName":"PhysicsEngine Exhaustive Suite Club/Weather/Shot Matrix Club: 4i | Weather: CrosswindLeft | Shot: Slice","invocations":1,"location":null,"numPassingAsserts":3,"retryReasons":[],"startAt":1770889144890,"status":"passed","title":"Club: 4i | Weather: CrosswindLeft | Shot: Slice"},{"ancestorTitles":["PhysicsEngine Exhaustive Suite","Club/Weather/Shot Matrix"],"duration":6,"failing":false,"failureDetails":[{"matcherResult":{"message":"\u001b[2mexpect(\u001b[22m\u001b[31mreceived\u001b[39m\u001b[2m).\u001b[22mtoBeGreaterThan\u001b[2m(\u001b[22m\u001b[32mexpected\u001b[39m\u001b[2m)\u001b[22m\n\nExpected: > \u001b[32m10\u001b[39m\nReceived:   \u001b[31m-18.201190026845293\u001b[39m","pass":false}}],"failureMessages":["Error: \u001b[2mexpect(\u001b[22m\u001b[31mreceived\u001b[39m\u001b[2m).\u001b[22mtoBeGreaterThan\u001b[2m(\u001b[22m\u001b[32mexpected\u001b[39m\u001b[2m)\u001b[22m\n\nExpected: > \u001b[32m10\u001b[39m\nReceived:   \u001b[31m-18.201190026845293\u001b[39m\n    at Object.toBeGreaterThan (C:\\Users\\nm\\Documents\\Dev_NM\\Golf_Lab_NM\\tests\\physics.test.js:53:65)\n    at Promise.finally.completed (C:\\Users\\nm\\AppData\\Local\\npm-cache\\_npx\\b8d86e6551a4f492\\node_modules\\jest-circus\\build\\jestAdapterInit.js:1557:28)\n    at new Promise (<anonymous>)\n    at callAsyncCircusFn (C:\\Users\\nm\\AppData\\Local\\npm-cache\\_npx\\b8d86e6551a4f492\\node_modules\\jest-circus\\build\\jestAdapterInit.js:1497:10)\n    at _callCircusTest (C:\\Users\\nm\\AppData\\Local\\npm-cache\\_npx\\b8d86e6551a4f492\\node_modules\\jest-circus\\build\\jestAdapterInit.js:1007:40)\n    at processTicksAndRejections (node:internal/process/task_queues:105:5)\n    at _runTest (C:\\Users\\nm\\AppData\\Local\\npm-cache\\_npx\\b8d86e6551a4f492\\node_modules\\jest-circus\\build\\jestAdapterInit.js:947:3)\n    at C:\\Users\\nm\\AppData\\Local\\npm-cache\\_npx\\b8d86e6551a4f492\\node_modules\\jest-circus\\build\\jestAdapterInit.js:849:7\n    at _runTestsForDescribeBlock (C:\\Users\\nm\\AppData\\Local\\npm-cache\\_npx\\b8d86e6551a4f492\\node_modules\\jest-circus\\build\\jestAdapterInit.js:862:11)\n    at _runTestsForDescribeBlock (C:\\Users\\nm\\AppData\\Local\\npm-cache\\_npx\\b8d86e6551a4f492\\node_modules\\jest-circus\\build\\jestAdapterInit.js:857:11)\n    at _runTestsForDescribeBlock (C:\\Users\\nm\\AppData\\Local\\npm-cache\\_npx\\b8d86e6551a4f492\\node_modules\\jest-circus\\build\\jestAdapterInit.js:857:11)\n    at run (C:\\Users\\nm\\AppData\\Local\\npm-cache\\_npx\\b8d86e6551a4f492\\node_modules\\jest-circus\\build\\jestAdapterInit.js:761:3)\n    at runAndTransformResultsToJestFormat (C:\\Users\\nm\\AppData\\Local\\npm-cache\\_npx\\b8d86e6551a4f492\\node_modules\\jest-circus\\build\\jestAdapterInit.js:1918:21)\n    at jestAdapter (C:\\Users\\nm\\AppData\\Local\\npm-cache\\_npx\\b8d86e6551a4f492\\node_modules\\jest-circus\\build\\runner.js:101:19)\n    at runTestInternal (C:\\Users\\nm\\AppData\\Local\\npm-cache\\_npx\\b8d86e6551a4f492\\node_modules\\jest-runner\\build\\index.js:275:16)\n    at runTest (C:\\Users\\nm\\AppData\\Local\\npm-cache\\_npx\\b8d86e6551a4f492\\node_modules\\jest-runner\\build\\index.js:343:7)"],"fullName":"PhysicsEngine Exhaustive Suite Club/Weather/Shot Matrix Club: 4i | Weather: CrosswindLeft | Shot: HighDraw","invocations":1,"location":null,"numPassingAsserts":2,"retryReasons":[],"startAt":1770889144896,"status":"failed","title":"Club: 4i | Weather: CrosswindLeft | Shot: HighDraw"},{"ancestorTitles":["PhysicsEngine Exhaustive Suite","Club/Weather/Shot Matrix"],"duration":5,"failing":false,"failureDetails":[],"failureMessages":[],"fullName":"PhysicsEngine Exhaustive Suite Club/Weather/Shot Matrix Club: 5i | Weather: SeaLevelNoWind | Shot: Straight","invocations":1,"location":null,"numPassingAsserts":2,"retryReasons":[],"startAt":1770889144903,"status":"passed","title":"Club: 5i | Weather: SeaLevelNoWind | Shot: Straight"},{"ancestorTitles":["PhysicsEngine Exhaustive Suite","Club/Weather/Shot Matrix"],"duration":6,"failing":false,"failureDetails":[],"failureMessages":[],"fullName":"PhysicsEngine Exhaustive Suite Club/Weather/Shot Matrix Club: 5i | Weather: SeaLevelNoWind | Shot: Hook","invocations":1,"location":null,"numPassingAsserts":2,"retryReasons":[],"startAt":1770889144908,"status":"passed","title":"Club: 5i | Weather: SeaLevelNoWind | Shot: Hook"},{"ancestorTitles":["PhysicsEngine Exhaustive Suite","Club/Weather/Shot Matrix"],"duration":5,"failing":false,"failureDetails":[],"failureMessages":[],"fullName":"PhysicsEngine Exhaustive Suite Club/Weather/Shot Matrix Club: 5i | Weather: SeaLevelNoWind | Shot: Slice","invocations":1,"location":null,"numPassingAsserts":2,"retryReasons":[],"startAt":1770889144914,"status":"passed","title":"Club: 5i | Weather: SeaLevelNoWind | Shot: Slice"},{"ancestorTitles":["PhysicsEngine Exhaustive Suite","Club/Weather/Shot Matrix"],"duration":5,"failing":false,"failureDetails":[],"failureMessages":[],"fullName":"PhysicsEngine Exhaustive Suite Club/Weather/Shot Matrix Club: 5i | Weather: SeaLevelNoWind | Shot: HighDraw","invocations":1,"location":null,"numPassingAsserts":2,"retryReasons":[],"startAt":1770889144920,"status":"passed","title":"Club: 5i | Weather: SeaLevelNoWind | Shot: HighDraw"},{"ancestorTitles":["PhysicsEngine Exhaustive Suite","Club/Weather/Shot Matrix"],"duration":5,"failing":false,"failureDetails":[],"failureMessages":[],"fullName":"PhysicsEngine Exhaustive Suite Club/Weather/Shot Matrix Club: 5i | Weather: HighAltHot | Shot: Straight","invocations":1,"location":null,"numPassingAsserts":2,"retryReasons":[],"startAt":1770889144925,"status":"passed","title":"Club: 5i | Weather: HighAltHot | Shot: Straight"},{"ancestorTitles":["PhysicsEngine Exhaustive Suite","Club/Weather/Shot Matrix"],"duration":5,"failing":false,"failureDetails":[],"failureMessages":[],"fullName":"PhysicsEngine Exhaustive Suite Club/Weather/Shot Matrix Club: 5i | Weather: HighAltHot | Shot: Hook","invocations":1,"location":null,"numPassingAsserts":2,"retryReasons":[],"startAt":1770889144930,"status":"passed","title":"Club: 5i | Weather: HighAltHot | Shot: Hook"},{"ancestorTitles":["PhysicsEngine Exhaustive Suite","Club/Weather/Shot Matrix"],"duration":4,"failing":false,"failureDetails":[],"failureMessages":[],"fullName":"PhysicsEngine Exhaustive Suite Club/Weather/Shot Matrix Club: 5i | Weather: HighAltHot | Shot: Slice","invocations":1,"location":null,"numPassingAsserts":2,"retryReasons":[],"startAt":1770889144936,"status":"passed","title":"Club: 5i | Weather: HighAltHot | Shot: Slice"},{"ancestorTitles":["PhysicsEngine Exhaustive Suite","Club/Weather/Shot Matrix"],"duration":5,"failing":false,"failureDetails":[],"failureMessages":[],"fullName":"PhysicsEngine Exhaustive Suite Club/Weather/Shot Matrix Club: 5i | Weather: HighAltHot | Shot: HighDraw","invocations":1,"location":null,"numPassingAsserts":2,"retryReasons":[],"startAt":1770889144941,"status":"passed","title":"Club: 5i | Weather: HighAltHot | Shot: HighDraw"},{"ancestorTitles":["PhysicsEngine Exhaustive Suite","Club/Weather/Shot Matrix"],"duration":5,"failing":false,"failureDetails":[],"failureMessages":[],"fullName":"PhysicsEngine Exhaustive Suite Club/Weather/Shot Matrix Club: 5i | Weather: LowAltColdTail | Shot: Straight","invocations":1,"location":null,"numPassingAsserts":2,"retryReasons":[],"startAt":1770889144946,"status":"passed","title":"Club: 5i | Weather: LowAltColdTail | Shot: Straight"},{"ancestorTitles":["PhysicsEngine Exhaustive Suite","Club/Weather/Shot Matrix"],"duration":4,"failing":false,"failureDetails":[],"failureMessages":[],"fullName":"PhysicsEngine Exhaustive Suite Club/Weather/Shot Matrix Club: 5i | Weather: LowAltColdTail | Shot: Hook","invocations":1,"location":null,"numPassingAsserts":2,"retryReasons":[],"startAt":1770889144952,"status":"passed","title":"Club: 5i | Weather: LowAltColdTail | Shot: Hook"},{"ancestorTitles":["PhysicsEngine Exhaustive Suite","Club/Weather/Shot Matrix"],"duration":5,"failing":false,"failureDetails":[],"failureMessages":[],"fullName":"PhysicsEngine Exhaustive Suite Club/Weather/Shot Matrix Club: 5i | Weather: LowAltColdTail | Shot: Slice","invocations":1,"location":null,"numPassingAsserts":2,"retryReasons":[],"startAt":1770889144956,"status":"passed","title":"Club: 5i | Weather: LowAltColdTail | Shot: Slice"},{"ancestorTitles":["PhysicsEngine Exhaustive Suite","Club/Weather/Shot Matrix"],"duration":4,"failing":false,"failureDetails":[],"failureMessages":[],"fullName":"PhysicsEngine Exhaustive Suite Club/Weather/Shot Matrix Club: 5i | Weather: LowAltColdTail | Shot: HighDraw","invocations":1,"location":null,"numPassingAsserts":2,"retryReasons":[],"startAt":1770889144961,"status":"passed","title":"Club: 5i | Weather: LowAltColdTail | Shot: HighDraw"},{"ancestorTitles":["PhysicsEngine Exhaustive Suite","Club/Weather/Shot Matrix"],"duration":11,"failing":false,"failureDetails":[],"failureMessages":[],"fullName":"PhysicsEngine Exhaustive Suite Club/Weather/Shot Matrix Club: 5i | Weather: Headwind | Shot: Straight","invocations":1,"location":null,"numPassingAsserts":3,"retryReasons":[],"startAt":1770889144966,"status":"passed","title":"Club: 5i | Weather: Headwind | Shot: Straight"},{"ancestorTitles":["PhysicsEngine Exhaustive Suite","Club/Weather/Shot Matrix"],"duration":11,"failing":false,"failureDetails":[],"failureMessages":[],"fullName":"PhysicsEngine Exhaustive Suite Club/Weather/Shot Matrix Club: 5i | Weather: Headwind | Shot: Hook","invocations":1,"location":null,"numPassingAsserts":3,"retryReasons":[],"startAt":1770889144977,"status":"passed","title":"Club: 5i | Weather: Headwind | Shot: Hook"},{"ancestorTitles":["PhysicsEngine Exhaustive Suite","Club/Weather/Shot Matrix"],"duration":11,"failing":false,"failureDetails":[],"failureMessages":[],"fullName":"PhysicsEngine Exhaustive Suite Club/Weather/Shot Matrix Club: 5i | Weather: Headwind | Shot: Slice","invocations":1,"location":null,"numPassingAsserts":3,"retryReasons":[],"startAt":1770889144989,"status":"passed","title":"Club: 5i | Weather: Headwind | Shot: Slice"},{"ancestorTitles":["PhysicsEngine Exhaustive Suite","Club/Weather/Shot Matrix"],"duration":11,"failing":false,"failureDetails":[],"failureMessages":[],"fullName":"PhysicsEngine Exhaustive Suite Club/Weather/Shot Matrix Club: 5i | Weather: Headwind | Shot: HighDraw","invocations":1,"location":null,"numPassingAsserts":3,"retryReasons":[],"startAt":1770889145000,"status":"passed","title":"Club: 5i | Weather: Headwind | Shot: HighDraw"},{"ancestorTitles":["PhysicsEngine Exhaustive Suite","Club/Weather/Shot Matrix"],"duration":5,"failing":false,"failureDetails":[],"failureMessages":[],"fullName":"PhysicsEngine Exhaustive Suite Club/Weather/Shot Matrix Club: 5i | Weather: CrosswindLeft | Shot: Straight","invocations":1,"location":null,"numPassingAsserts":3,"retryReasons":[],"startAt":1770889145012,"status":"passed","title":"Club: 5i | Weather: CrosswindLeft | Shot: Straight"},{"ancestorTitles":["PhysicsEngine Exhaustive Suite","Club/Weather/Shot Matrix"],"duration":5,"failing":false,"failureDetails":[{"matcherResult":{"message":"\u001b[2mexpect(\u001b[22m\u001b[31mreceived\u001b[39m\u001b[2m).\u001b[22mtoBeGreaterThan\u001b[2m(\u001b[22m\u001b[32mexpected\u001b[39m\u001b[2m)\u001b[22m\n\nExpected: > \u001b[32m10\u001b[39m\nReceived:   \u001b[31m1.932936366236547\u001b[39m","pass":false}}],"failureMessages":["Error: \u001b[2mexpect(\u001b[22m\u001b[31mreceived\u001b[39m\u001b[2m).\u001b[22mtoBeGreaterThan\u001b[2m(\u001b[22m\u001b[32mexpected\u001b[39m\u001b[2m)\u001b[22m\n\nExpected: > \u001b[32m10\u001b[39m\nReceived:   \u001b[31m1.932936366236547\u001b[39m\n    at Object.toBeGreaterThan (C:\\Users\\nm\\Documents\\Dev_NM\\Golf_Lab_NM\\tests\\physics.test.js:53:65)\n    at Promise.finally.completed (C:\\Users\\nm\\AppData\\Local\\npm-cache\\_npx\\b8d86e6551a4f492\\node_modules\\jest-circus\\build\\jestAdapterInit.js:1557:28)\n    at new Promise (<anonymous>)\n    at callAsyncCircusFn (C:\\Users\\nm\\AppData\\Local\\npm-cache\\_npx\\b8d86e6551a4f492\\node_modules\\jest-circus\\build\\jestAdapterInit.js:1497:10)\n    at _callCircusTest (C:\\Users\\nm\\AppData\\Local\\npm-cache\\_npx\\b8d86e6551a4f492\\node_modules\\jest-circus\\build\\jestAdapterInit.js:1007:40)\n    at processTicksAndRejections (node:internal/process/task_queues:105:5)\n    at _runTest (C:\\Users\\nm\\AppData\\Local\\npm-cache\\_npx\\b8d86e6551a4f492\\node_modules\\jest-circus\\build\\jestAdapterInit.js:947:3)\n    at C:\\Users\\nm\\AppData\\Local\\npm-cache\\_npx\\b8d86e6551a4f492\\node_modules\\jest-circus\\build\\jestAdapterInit.js:849:7\n    at _runTestsForDescribeBlock (C:\\Users\\nm\\AppData\\Local\\npm-cache\\_npx\\b8d86e6551a4f492\\node_modules\\jest-circus\\build\\jestAdapterInit.js:862:11)\n    at _runTestsForDescribeBlock (C:\\Users\\nm\\AppData\\Local\\npm-cache\\_npx\\b8d86e6551a4f492\\node_modules\\jest-circus\\build\\jestAdapterInit.js:857:11)\n    at _runTestsForDescribeBlock (C:\\Users\\nm\\AppData\\Local\\npm-cache\\_npx\\b8d86e6551a4f492\\node_modules\\jest-circus\\build\\jestAdapterInit.js:857:11)\n    at run (C:\\Users\\nm\\AppData\\Local\\npm-cache\\_npx\\b8d86e6551a4f492\\node_modules\\jest-circus\\build\\jestAdapterInit.js:761:3)\n    at runAndTransformResultsToJestFormat (C:\\Users\\nm\\AppData\\Local\\npm-cache\\_npx\\b8d86e6551a4f492\\node_modules\\jest-circus\\build\\jestAdapterInit.js:1918:21)\n    at jestAdapter (C:\\Users\\nm\\AppData\\Local\\npm-cache\\_npx\\b8d86e6551a4f492\\node_modules\\jest-circus\\build\\runner.js:101:19)\n    at runTestInternal (C:\\Users\\nm\\AppData\\Local\\npm-cache\\_npx\\b8d86e6551a4f492\\node_modules\\jest-runner\\build\\index.js:275:16)\n    at runTest (C:\\Users\\nm\\AppData\\Local\\npm-cache\\_npx\\b8d86e6551a4f492\\node_modules\\jest-runner\\build\\index.js:343:7)"],"fullName":"PhysicsEngine Exhaustive Suite Club/Weather/Shot Matrix Club: 5i | Weather: CrosswindLeft | Shot: Hook","invocations":1,"location":null,"numPassingAsserts":2,"retryReasons":[],"startAt":1770889145018,"status":"failed","title":"Club: 5i | Weather: CrosswindLeft | Shot: Hook"},{"ancestorTitles":["PhysicsEngine Exhaustive Suite","Club/Weather/Shot Matrix"],"duration":5,"failing":false,"failureDetails":[],"failureMessages":[],"fullName":"PhysicsEngine Exhaustive Suite Club/Weather/Shot Matrix Club: 5i | Weather: CrosswindLeft | Shot: Slice","invocations":1,"location":null,"numPassingAsserts":3,"retryReasons":[],"startAt":1770889145024,"status":"passed","title":"Club: 5i | Weather: CrosswindLeft | Shot: Slice"},{"ancestorTitles":["PhysicsEngine Exhaustive Suite","Club/Weather/Shot Matrix"],"duration":6,"failing":false,"failureDetails":[{"matcherResult":{"message":"\u001b[2mexpect(\u001b[22m\u001b[31mreceived\u001b[39m\u001b[2m).\u001b[22mtoBeGreaterThan\u001b[2m(\u001b[22m\u001b[32mexpected\u001b[39m\u001b[2m)\u001b[22m\n\nExpected: > \u001b[32m10\u001b[39m\nReceived:   \u001b[31m-14.434229799712169\u001b[39m","pass":false}}],"failureMessages":["Error: \u001b[2mexpect(\u001b[22m\u001b[31mreceived\u001b[39m\u001b[2m).\u001b[22mtoBeGreaterThan\u001b[2m(\u001b[22m\u001b[32mexpected\u001b[39m\u001b[2m)\u001b[22m\n\nExpected: > \u001b[32m10\u001b[39m\nReceived:   \u001b[31m-14.434229799712169\u001b[39m\n    at Object.toBeGreaterThan (C:\\Users\\nm\\Documents\\Dev_NM\\Golf_Lab_NM\\tests\\physics.test.js:53:65)\n    at Promise.finally.completed (C:\\Users\\nm\\AppData\\Local\\npm-cache\\_npx\\b8d86e6551a4f492\\node_modules\\jest-circus\\build\\jestAdapterInit.js:1557:28)\n    at new Promise (<anonymous>)\n    at callAsyncCircusFn (C:\\Users\\nm\\AppData\\Local\\npm-cache\\_npx\\b8d86e6551a4f492\\node_modules\\jest-circus\\build\\jestAdapterInit.js:1497:10)\n    at _callCircusTest (C:\\Users\\nm\\AppData\\Local\\npm-cache\\_npx\\b8d86e6551a4f492\\node_modules\\jest-circus\\build\\jestAdapterInit.js:1007:40)\n    at processTicksAndRejections (node:internal/process/task_queues:105:5)\n    at _runTest (C:\\Users\\nm\\AppData\\Local\\npm-cache\\_npx\\b8d86e6551a4f492\\node_modules\\jest-circus\\build\\jestAdapterInit.js:947:3)\n    at C:\\Users\\nm\\AppData\\Local\\npm-cache\\_npx\\b8d86e6551a4f492\\node_modules\\jest-circus\\build\\jestAdapterInit.js:849:7\n    at _runTestsForDescribeBlock (C:\\Users\\nm\\AppData\\Local\\npm-cache\\_npx\\b8d86e6551a4f492\\node_modules\\jest-circus\\build\\jestAdapterInit.js:862:11)\n    at _runTestsForDescribeBlock (C:\\Users\\nm\\AppData\\Local\\npm-cache\\_npx\\b8d86e6551a4f492\\node_modules\\jest-circus\\build\\jestAdapterInit.js:857:11)\n    at _runTestsForDescribeBlock (C:\\Users\\nm\\AppData\\Local\\npm-cache\\_npx\\b8d86e6551a4f492\\node_modules\\jest-circus\\build\\jestAdapterInit.js:857:11)\n    at run (C:\\Users\\nm\\AppData\\Local\\npm-cache\\_npx\\b8d86e6551a4f492\\node_modules\\jest-circus\\build\\jestAdapterInit.js:761:3)\n    at runAndTransformResultsToJestFormat (C:\\Users\\nm\\AppData\\Local\\npm-cache\\_npx\\b8d86e6551a4f492\\node_modules\\jest-circus\\build\\jestAdapterInit.js:1918:21)\n    at jestAdapter (C:\\Users\\nm\\AppData\\Local\\npm-cache\\_npx\\b8d86e6551a4f492\\node_modules\\jest-circus\\build\\runner.js:101:19)\n    at runTestInternal (C:\\Users\\nm\\AppData\\Local\\npm-cache\\_npx\\b8d86e6551a4f492\\node_modules\\jest-runner\\build\\index.js:275:16)\n    at runTest (C:\\Users\\nm\\AppData\\Local\\npm-cache\\_npx\\b8d86e6551a4f492\\node_modules\\jest-runner\\build\\index.js:343:7)"],"fullName":"PhysicsEngine Exhaustive Suite Club/Weather/Shot Matrix Club: 5i | Weather: CrosswindLeft | Shot: HighDraw","invocations":1,"location":null,"numPassingAsserts":2,"retryReasons":[],"startAt":1770889145029,"status":"failed","title":"Club: 5i | Weather: CrosswindLeft | Shot: HighDraw"},{"ancestorTitles":["PhysicsEngine Exhaustive Suite","Club/Weather/Shot Matrix"],"duration":5,"failing":false,"failureDetails":[],"failureMessages":[],"fullName":"PhysicsEngine Exhaustive Suite Club/Weather/Shot Matrix Club: 6i | Weather: SeaLevelNoWind | Shot: Straight","invocations":1,"location":null,"numPassingAsserts":2,"retryReasons":[],"startAt":1770889145036,"status":"passed","title":"Club: 6i | Weather: SeaLevelNoWind | Shot: Straight"},{"ancestorTitles":["PhysicsEngine Exhaustive Suite","Club/Weather/Shot Matrix"],"duration":5,"failing":false,"failureDetails":[],"failureMessages":[],"fullName":"PhysicsEngine Exhaustive Suite Club/Weather/Shot Matrix Club: 6i | Weather: SeaLevelNoWind | Shot: Hook","invocations":1,"location":null,"numPassingAsserts":2,"retryReasons":[],"startAt":1770889145042,"status":"passed","title":"Club: 6i | Weather: SeaLevelNoWind | Shot: Hook"},{"ancestorTitles":["PhysicsEngine Exhaustive Suite","Club/Weather/Shot Matrix"],"duration":5,"failing":false,"failureDetails":[],"failureMessages":[],"fullName":"PhysicsEngine Exhaustive Suite Club/Weather/Shot Matrix Club: 6i | Weather: SeaLevelNoWind | Shot: Slice","invocations":1,"location":null,"numPassingAsserts":2,"retryReasons":[],"startAt":1770889145047,"status":"passed","title":"Club: 6i | Weather: SeaLevelNoWind | Shot: Slice"},{"ancestorTitles":["PhysicsEngine Exhaustive Suite","Club/Weather/Shot Matrix"],"duration":5,"failing":false,"failureDetails":[],"failureMessages":[],"fullName":"PhysicsEngine Exhaustive Suite Club/Weather/Shot Matrix Club: 6i | Weather: SeaLevelNoWind | Shot: HighDraw","invocations":1,"location":null,"numPassingAsserts":2,"retryReasons":[],"startAt":1770889145053,"status":"passed","title":"Club: 6i | Weather: SeaLevelNoWind | Shot: HighDraw"},{"ancestorTitles":["PhysicsEngine Exhaustive Suite","Club/Weather/Shot Matrix"],"duration":4,"failing":false,"failureDetails":[],"failureMessages":[],"fullName":"PhysicsEngine Exhaustive Suite Club/Weather/Shot Matrix Club: 6i | Weather: HighAltHot | Shot: Straight","invocations":1,"location":null,"numPassingAsserts":2,"retryReasons":[],"startAt":1770889145059,"status":"passed","title":"Club: 6i | Weather: HighAltHot | Shot: Straight"},{"ancestorTitles":["PhysicsEngine Exhaustive Suite","Club/Weather/Shot Matrix"],"duration":5,"failing":false,"failureDetails":[],"failureMessages":[],"fullName":"PhysicsEngine Exhaustive Suite Club/Weather/Shot Matrix Club: 6i | Weather: HighAltHot | Shot: Hook","invocations":1,"location":null,"numPassingAsserts":2,"retryReasons":[],"startAt":1770889145064,"status":"passed","title":"Club: 6i | Weather: HighAltHot | Shot: Hook"},{"ancestorTitles":["PhysicsEngine Exhaustive Suite","Club/Weather/Shot Matrix"],"duration":5,"failing":false,"failureDetails":[],"failureMessages":[],"fullName":"PhysicsEngine Exhaustive Suite Club/Weather/Shot Matrix Club: 6i | Weather: HighAltHot | Shot: Slice","invocations":1,"location":null,"numPassingAsserts":2,"retryReasons":[],"startAt":1770889145069,"status":"passed","title":"Club: 6i | Weather: HighAltHot | Shot: Slice"},{"ancestorTitles":["PhysicsEngine Exhaustive Suite","Club/Weather/Shot Matrix"],"duration":5,"failing":false,"failureDetails":[],"failureMessages":[],"fullName":"PhysicsEngine Exhaustive Suite Club/Weather/Shot Matrix Club: 6i | Weather: HighAltHot | Shot: HighDraw","invocations":1,"location":null,"numPassingAsserts":2,"retryReasons":[],"startAt":1770889145074,"status":"passed","title":"Club: 6i | Weather: HighAltHot | Shot: HighDraw"},{"ancestorTitles":["PhysicsEngine Exhaustive Suite","Club/Weather/Shot Matrix"],"duration":4,"failing":false,"failureDetails":[],"failureMessages":[],"fullName":"PhysicsEngine Exhaustive Suite Club/Weather/Shot Matrix Club: 6i | Weather: LowAltColdTail | Shot: Straight","invocations":1,"location":null,"numPassingAsserts":2,"retryReasons":[],"startAt":1770889145080,"status":"passed","title":"Club: 6i | Weather: LowAltColdTail | Shot: Straight"},{"ancestorTitles":["PhysicsEngine Exhaustive Suite","Club/Weather/Shot Matrix"],"duration":4,"failing":false,"failureDetails":[],"failureMessages":[],"fullName":"PhysicsEngine Exhaustive Suite Club/Weather/Shot Matrix Club: 6i | Weather: LowAltColdTail | Shot: Hook","invocations":1,"location":null,"numPassingAsserts":2,"retryReasons":[],"startAt":1770889145085,"status":"passed","title":"Club: 6i | Weather: LowAltColdTail | Shot: Hook"},{"ancestorTitles":["PhysicsEngine Exhaustive Suite","Club/Weather/Shot Matrix"],"duration":5,"failing":false,"failureDetails":[],"failureMessages":[],"fullName":"PhysicsEngine Exhaustive Suite Club/Weather/Shot Matrix Club: 6i | Weather: LowAltColdTail | Shot: Slice","invocations":1,"location":null,"numPassingAsserts":2,"retryReasons":[],"startAt":1770889145089,"status":"passed","title":"Club: 6i | Weather: LowAltColdTail | Shot: Slice"},{"ancestorTitles":["PhysicsEngine Exhaustive Suite","Club/Weather/Shot Matrix"],"duration":5,"failing":false,"failureDetails":[],"failureMessages":[],"fullName":"PhysicsEngine Exhaustive Suite Club/Weather/Shot Matrix Club: 6i | Weather: LowAltColdTail | Shot: HighDraw","invocations":1,"location":null,"numPassingAsserts":2,"retryReasons":[],"startAt":1770889145094,"status":"passed","title":"Club: 6i | Weather: LowAltColdTail | Shot: HighDraw"},{"ancestorTitles":["PhysicsEngine Exhaustive Suite","Club/Weather/Shot Matrix"],"duration":11,"failing":false,"failureDetails":[],"failureMessages":[],"fullName":"PhysicsEngine Exhaustive Suite Club/Weather/Shot Matrix Club: 6i | Weather: Headwind | Shot: Straight","invocations":1,"location":null,"numPassingAsserts":3,"retryReasons":[],"startAt":1770889145099,"status":"passed","title":"Club: 6i | Weather: Headwind | Shot: Straight"},{"ancestorTitles":["PhysicsEngine Exhaustive Suite","Club/Weather/Shot Matrix"],"duration":11,"failing":false,"failureDetails":[],"failureMessages":[],"fullName":"PhysicsEngine Exhaustive Suite Club/Weather/Shot Matrix Club: 6i | Weather: Headwind | Shot: Hook","invocations":1,"location":null,"numPassingAsserts":3,"retryReasons":[],"startAt":1770889145110,"status":"passed","title":"Club: 6i | Weather: Headwind | Shot: Hook"},{"ancestorTitles":["PhysicsEngine Exhaustive Suite","Club/Weather/Shot Matrix"],"duration":11,"failing":false,"failureDetails":[],"failureMessages":[],"fullName":"PhysicsEngine Exhaustive Suite Club/Weather/Shot Matrix Club: 6i | Weather: Headwind | Shot: Slice","invocations":1,"location":null,"numPassingAsserts":3,"retryReasons":[],"startAt":1770889145122,"status":"passed","title":"Club: 6i | Weather: Headwind | Shot: Slice"},{"ancestorTitles":["PhysicsEngine Exhaustive Suite","Club/Weather/Shot Matrix"],"duration":12,"failing":false,"failureDetails":[],"failureMessages":[],"fullName":"PhysicsEngine Exhaustive Suite Club/Weather/Shot Matrix Club: 6i | Weather: Headwind | Shot: HighDraw","invocations":1,"location":null,"numPassingAsserts":3,"retryReasons":[],"startAt":1770889145133,"status":"passed","title":"Club: 6i | Weather: Headwind | Shot: HighDraw"},{"ancestorTitles":["PhysicsEngine Exhaustive Suite","Club/Weather/Shot Matrix"],"duration":5,"failing":false,"failureDetails":[],"failureMessages":[],"fullName":"PhysicsEngine Exhaustive Suite Club/Weather/Shot Matrix Club: 6i | Weather: CrosswindLeft | Shot: Straight","invocations":1,"location":null,"numPassingAsserts":3,"retryReasons":[],"startAt":1770889145146,"status":"passed","title":"Club: 6i | Weather: CrosswindLeft | Shot: Straight"},{"ancestorTitles":["PhysicsEngine Exhaustive Suite","Club/Weather/Shot Matrix"],"duration":6,"failing":false,"failureDetails":[{"matcherResult":{"message":"\u001b[2mexpect(\u001b[22m\u001b[31mreceived\u001b[39m\u001b[2m).\u001b[22mtoBeGreaterThan\u001b[2m(\u001b[22m\u001b[32mexpected\u001b[39m\u001b[2m)\u001b[22m\n\nExpected: > \u001b[32m10\u001b[39m\nReceived:   \u001b[31m2.7415875291123895\u001b[39m","pass":false}}],"failureMessages":["Error: \u001b[2mexpect(\u001b[22m\u001b[31mreceived\u001b[39m\u001b[2m).\u001b[22mtoBeGreaterThan\u001b[2m(\u001b[22m\u001b[32mexpected\u001b[39m\u001b[2m)\u001b[22m\n\nExpected: > \u001b[32m10\u001b[39m\nReceived:   \u001b[31m2.7415875291123895\u001b[39m\n    at Object.toBeGreaterThan (C:\\Users\\nm\\Documents\\Dev_NM\\Golf_Lab_NM\\tests\\physics.test.js:53:65)\n    at Promise.finally.completed (C:\\Users\\nm\\AppData\\Local\\npm-cache\\_npx\\b8d86e6551a4f492\\node_modules\\jest-circus\\build\\jestAdapterInit.js:1557:28)\n    at new Promise (<anonymous>)\n    at callAsyncCircusFn (C:\\Users\\nm\\AppData\\Local\\npm-cache\\_npx\\b8d86e6551a4f492\\node_modules\\jest-circus\\build\\jestAdapterInit.js:1497:10)\n    at _callCircusTest (C:\\Users\\nm\\AppData\\Local\\npm-cache\\_npx\\b8d86e6551a4f492\\node_modules\\jest-circus\\build\\jestAdapterInit.js:1007:40)\n    at processTicksAndRejections (node:internal/process/task_queues:105:5)\n    at _runTest (C:\\Users\\nm\\AppData\\Local\\npm-cache\\_npx\\b8d86e6551a4f492\\node_modules\\jest-circus\\build\\jestAdapterInit.js:947:3)\n    at C:\\Users\\nm\\AppData\\Local\\npm-cache\\_npx\\b8d86e6551a4f492\\node_modules\\jest-circus\\build\\jestAdapterInit.js:849:7\n    at _runTestsForDescribeBlock (C:\\Users\\nm\\AppData\\Local\\npm-cache\\_npx\\b8d86e6551a4f492\\node_modules\\jest-circus\\build\\jestAdapterInit.js:862:11)\n    at _runTestsForDescribeBlock (C:\\Users\\nm\\AppData\\Local\\npm-cache\\_npx\\b8d86e6551a4f492\\node_modules\\jest-circus\\build\\jestAdapterInit.js:857:11)\n    at _runTestsForDescribeBlock (C:\\Users\\nm\\AppData\\Local\\npm-cache\\_npx\\b8d86e6551a4f492\\node_modules\\jest-circus\\build\\jestAdapterInit.js:857:11)\n    at run (C:\\Users\\nm\\AppData\\Local\\npm-cache\\_npx\\b8d86e6551a4f492\\node_modules\\jest-circus\\build\\jestAdapterInit.js:761:3)\n    at runAndTransformResultsToJestFormat (C:\\Users\\nm\\AppData\\Local\\npm-cache\\_npx\\b8d86e6551a4f492\\node_modules\\jest-circus\\build\\jestAdapterInit.js:1918:21)\n    at jestAdapter (C:\\Users\\nm\\AppData\\Local\\npm-cache\\_npx\\b8d86e6551a4f492\\node_modules\\jest-circus\\build\\runner.js:101:19)\n    at runTestInternal (C:\\Users\\nm\\AppData\\Local\\npm-cache\\_npx\\b8d86e6551a4f492\\node_modules\\jest-runner\\build\\index.js:275:16)\n    at runTest (C:\\Users\\nm\\AppData\\Local\\npm-cache\\_npx\\b8d86e6551a4f492\\node_modules\\jest-runner\\build\\index.js:343:7)"],"fullName":"PhysicsEngine Exhaustive Suite Club/Weather/Shot Matrix Club: 6i | Weather: CrosswindLeft | Shot: Hook","invocations":1,"location":null,"numPassingAsserts":2,"retryReasons":[],"startAt":1770889145151,"status":"failed","title":"Club: 6i | Weather: CrosswindLeft | Shot: Hook"},{"ancestorTitles":["PhysicsEngine Exhaustive Suite","Club/Weather/Shot Matrix"],"duration":5,"failing":false,"failureDetails":[],"failureMessages":[],"fullName":"PhysicsEngine Exhaustive Suite Club/Weather/Shot Matrix Club: 6i | Weather: CrosswindLeft | Shot: Slice","invocations":1,"location":null,"numPassingAsserts":3,"retryReasons":[],"startAt":1770889145158,"status":"passed","title":"Club: 6i | Weather: CrosswindLeft | Shot: Slice"},{"ancestorTitles":["PhysicsEngine Exhaustive Suite","Club/Weather/Shot Matrix"],"duration":6,"failing":false,"failureDetails":[{"matcherResult":{"message":"\u001b[2mexpect(\u001b[22m\u001b[31mreceived\u001b[39m\u001b[2m).\u001b[22mtoBeGreaterThan\u001b[2m(\u001b[22m\u001b[32mexpected\u001b[39m\u001b[2m)\u001b[22m\n\nExpected: > \u001b[32m10\u001b[39m\nReceived:   \u001b[31m-11.21300195741581\u001b[39m","pass":false}}],"failureMessages":["Error: \u001b[2mexpect(\u001b[22m\u001b[31mreceived\u001b[39m\u001b[2m).\u001b[22mtoBeGreaterThan\u001b[2m(\u001b[22m\u001b[32mexpected\u001b[39m\u001b[2m)\u001b[22m\n\nExpected: > \u001b[32m10\u001b[39m\nReceived:   \u001b[31m-11.21300195741581\u001b[39m\n    at Object.toBeGreaterThan (C:\\Users\\nm\\Documents\\Dev_NM\\Golf_Lab_NM\\tests\\physics.test.js:53:65)\n    at Promise.finally.completed (C:\\Users\\nm\\AppData\\Local\\npm-cache\\_npx\\b8d86e6551a4f492\\node_modules\\jest-circus\\build\\jestAdapterInit.js:1557:28)\n    at new Promise (<anonymous>)\n    at callAsyncCircusFn (C:\\Users\\nm\\AppData\\Local\\npm-cache\\_npx\\b8d86e6551a4f492\\node_modules\\jest-circus\\build\\jestAdapterInit.js:1497:10)\n    at _callCircusTest (C:\\Users\\nm\\AppData\\Local\\npm-cache\\_npx\\b8d86e6551a4f492\\node_modules\\jest-circus\\build\\jestAdapterInit.js:1007:40)\n    at processTicksAndRejections (node:internal/process/task_queues:105:5)\n    at _runTest (C:\\Users\\nm\\AppData\\Local\\npm-cache\\_npx\\b8d86e6551a4f492\\node_modules\\jest-circus\\build\\jestAdapterInit.js:947:3)\n    at C:\\Users\\nm\\AppData\\Local\\npm-cache\\_npx\\b8d86e6551a4f492\\node_modules\\jest-circus\\build\\jestAdapterInit.js:849:7\n    at _runTestsForDescribeBlock (C:\\Users\\nm\\AppData\\Local\\npm-cache\\_npx\\b8d86e6551a4f492\\node_modules\\jest-circus\\build\\jestAdapterInit.js:862:11)\n    at _runTestsForDescribeBlock (C:\\Users\\nm\\AppData\\Local\\npm-cache\\_npx\\b8d86e6551a4f492\\node_modules\\jest-circus\\build\\jestAdapterInit.js:857:11)\n    at _runTestsForDescribeBlock (C:\\Users\\nm\\AppData\\Local\\npm-cache\\_npx\\b8d86e6551a4f492\\node_modules\\jest-circus\\build\\jestAdapterInit.js:857:11)\n    at run (C:\\Users\\nm\\AppData\\Local\\npm-cache\\_npx\\b8d86e6551a4f492\\node_modules\\jest-circus\\build\\jestAdapterInit.js:761:3)\n    at runAndTransformResultsToJestFormat (C:\\Users\\nm\\AppData\\Local\\npm-cache\\_npx\\b8d86e6551a4f492\\node_modules\\jest-circus\\build\\jestAdapterInit.js:1918:21)\n    at jestAdapter (C:\\Users\\nm\\AppData\\Local\\npm-cache\\_npx\\b8d86e6551a4f492\\node_modules\\jest-circus\\build\\runner.js:101:19)\n    at runTestInternal (C:\\Users\\nm\\AppData\\Local\\npm-cache\\_npx\\b8d86e6551a4f492\\node_modules\\jest-runner\\build\\index.js:275:16)\n    at runTest (C:\\Users\\nm\\AppData\\Local\\npm-cache\\_npx\\b8d86e6551a4f492\\node_modules\\jest-runner\\build\\index.js:343:7)"],"fullName":"PhysicsEngine Exhaustive Suite Club/Weather/Shot Matrix Club: 6i | Weather: CrosswindLeft | Shot: HighDraw","invocations":1,"location":null,"numPassingAsserts":2,"retryReasons":[],"startAt":1770889145163,"status":"failed","title":"Club: 6i | Weather: CrosswindLeft | Shot: HighDraw"},{"ancestorTitles":["PhysicsEngine Exhaustive Suite","Club/Weather/Shot Matrix"],"duration":5,"failing":false,"failureDetails":[],"failureMessages":[],"fullName":"PhysicsEngine Exhaustive Suite Club/Weather/Shot Matrix Club: 7i | Weather: SeaLevelNoWind | Shot: Straight","invocations":1,"location":null,"numPassingAsserts":2,"retryReasons":[],"startAt":1770889145170,"status":"passed","title":"Club: 7i | Weather: SeaLevelNoWind | Shot: Straight"},{"ancestorTitles":["PhysicsEngine Exhaustive Suite","Club/Weather/Shot Matrix"],"duration":5,"failing":false,"failureDetails":[],"failureMessages":[],"fullName":"PhysicsEngine Exhaustive Suite Club/Weather/Shot Matrix Club: 7i | Weather: SeaLevelNoWind | Shot: Hook","invocations":1,"location":null,"numPassingAsserts":2,"retryReasons":[],"startAt":1770889145175,"status":"passed","title":"Club: 7i | Weather: SeaLevelNoWind | Shot: Hook"},{"ancestorTitles":["PhysicsEngine Exhaustive Suite","Club/Weather/Shot Matrix"],"duration":5,"failing":false,"failureDetails":[],"failureMessages":[],"fullName":"PhysicsEngine Exhaustive Suite Club/Weather/Shot Matrix Club: 7i | Weather: SeaLevelNoWind | Shot: Slice","invocations":1,"location":null,"numPassingAsserts":2,"retryReasons":[],"startAt":1770889145181,"status":"passed","title":"Club: 7i | Weather: SeaLevelNoWind | Shot: Slice"},{"ancestorTitles":["PhysicsEngine Exhaustive Suite","Club/Weather/Shot Matrix"],"duration":5,"failing":false,"failureDetails":[],"failureMessages":[],"fullName":"PhysicsEngine Exhaustive Suite Club/Weather/Shot Matrix Club: 7i | Weather: SeaLevelNoWind | Shot: HighDraw","invocations":1,"location":null,"numPassingAsserts":2,"retryReasons":[],"startAt":1770889145187,"status":"passed","title":"Club: 7i | Weather: SeaLevelNoWind | Shot: HighDraw"},{"ancestorTitles":["PhysicsEngine Exhaustive Suite","Club/Weather/Shot Matrix"],"duration":5,"failing":false,"failureDetails":[],"failureMessages":[],"fullName":"PhysicsEngine Exhaustive Suite Club/Weather/Shot Matrix Club: 7i | Weather: HighAltHot | Shot: Straight","invocations":1,"location":null,"numPassingAsserts":2,"retryReasons":[],"startAt":1770889145192,"status":"passed","title":"Club: 7i | Weather: HighAltHot | Shot: Straight"},{"ancestorTitles":["PhysicsEngine Exhaustive Suite","Club/Weather/Shot Matrix"],"duration":5,"failing":false,"failureDetails":[],"failureMessages":[],"fullName":"PhysicsEngine Exhaustive Suite Club/Weather/Shot Matrix Club: 7i | Weather: HighAltHot | Shot: Hook","invocations":1,"location":null,"numPassingAsserts":2,"retryReasons":[],"startAt":1770889145197,"status":"passed","title":"Club: 7i | Weather: HighAltHot | Shot: Hook"},{"ancestorTitles":["PhysicsEngine Exhaustive Suite","Club/Weather/Shot Matrix"],"duration":4,"failing":false,"failureDetails":[],"failureMessages":[],"fullName":"PhysicsEngine Exhaustive Suite Club/Weather/Shot Matrix Club: 7i | Weather: HighAltHot | Shot: Slice","invocations":1,"location":null,"numPassingAsserts":2,"retryReasons":[],"startAt":1770889145203,"status":"passed","title":"Club: 7i | Weather: HighAltHot | Shot: Slice"},{"ancestorTitles":["PhysicsEngine Exhaustive Suite","Club/Weather/Shot Matrix"],"duration":4,"failing":false,"failureDetails":[],"failureMessages":[],"fullName":"PhysicsEngine Exhaustive Suite Club/Weather/Shot Matrix Club: 7i | Weather: HighAltHot | Shot: HighDraw","invocations":1,"location":null,"numPassingAsserts":2,"retryReasons":[],"startAt":1770889145208,"status":"passed","title":"Club: 7i | Weather: HighAltHot | Shot: HighDraw"},{"ancestorTitles":["PhysicsEngine Exhaustive Suite","Club/Weather/Shot Matrix"],"duration":4,"failing":false,"failureDetails":[],"failureMessages":[],"fullName":"PhysicsEngine Exhaustive Suite Club/Weather/Shot Matrix Club: 7i | Weather: LowAltColdTail | Shot: Straight","invocations":1,"location":null,"numPassingAsserts":2,"retryReasons":[],"startAt":1770889145213,"status":"passed","title":"Club: 7i | Weather: LowAltColdTail | Shot: Straight"},{"ancestorTitles":["PhysicsEngine Exhaustive Suite","Club/Weather/Shot Matrix"],"duration":4,"failing":false,"failureDetails":[],"failureMessages":[],"fullName":"PhysicsEngine Exhaustive Suite Club/Weather/S
[...]
eGreaterThan\u001b[2m(\u001b[22m\u001b[32mexpected\u001b[39m\u001b[2m)\u001b[22m\n\n    Expected: > \u001b[32m10\u001b[39m\n    Received:   \u001b[31m-7.751057394948657\u001b[39m\n\u001b[2m\u001b[22m\n\u001b[2m    \u001b[0m \u001b[90m 51 |\u001b[39m                         \u001b[90m// Vérification physique : Le vent latéral doit impacter la déviation\u001b[39m\u001b[22m\n\u001b[2m     \u001b[90m 52 |\u001b[39m                         \u001b[36mif\u001b[39m (weather\u001b[33m.\u001b[39mname \u001b[33m===\u001b[39m \u001b[32m'CrosswindLeft'\u001b[39m) {\u001b[22m\n\u001b[2m    \u001b[31m\u001b[1m>\u001b[22m\u001b[2m\u001b[39m\u001b[90m 53 |\u001b[39m                             expect(trajectory\u001b[33m.\u001b[39mlateralDeviation)\u001b[33m.\u001b[39mtoBeGreaterThan(\u001b[35m10\u001b[39m)\u001b[33m;\u001b[39m \u001b[90m// Doit dévier à droite\u001b[39m\u001b[22m\n\u001b[2m     \u001b[90m    |\u001b[39m                                                                 \u001b[31m\u001b[1m^\u001b[22m\u001b[2m\u001b[39m\u001b[22m\n\u001b[2m     \u001b[90m 54 |\u001b[39m                         }\u001b[22m\n\u001b[2m     \u001b[90m 55 |\u001b[39m\u001b[22m\n\u001b[2m     \u001b[90m 56 |\u001b[39m                         \u001b[90m// Vérification physique : Vent de face = moins de distance\u001b[39m\u001b[0m\u001b[22m\n\u001b[2m\u001b[22m\n\u001b[2m      \u001b[2mat Object.toBeGreaterThan (\u001b[22m\u001b[2m\u001b[0m\u001b[36mDocuments/Dev_NM/Golf_Lab_NM/tests/physics.test.js\u001b[39m\u001b[0m\u001b[2m:53:65)\u001b[22m\u001b[2m\u001b[22m\n\n\u001b[1m\u001b[31m  \u001b[1m● \u001b[22m\u001b[1mPhysicsEngine Exhaustive Suite › Club/Weather/Shot Matrix › Club: 8i | Weather: CrosswindLeft | Shot: Hook\u001b[39m\u001b[22m\n\n    \u001b[2mexpect(\u001b[22m\u001b[31mreceived\u001b[39m\u001b[2m).\u001b[22mtoBeGreaterThan\u001b[2m(\u001b[22m\u001b[32mexpected\u001b[39m\u001b[2m)\u001b[22m\n\n    Expected: > \u001b[32m10\u001b[39m\n    Received:   \u001b[31m4.228835081893049\u001b[39m\n\u001b[2m\u001b[22m\n\u001b[2m    \u001b[0m \u001b[90m 51 |\u001b[39m                         \u001b[90m// Vérification physique : Le vent latéral doit impacter la déviation\u001b[39m\u001b[22m\n\u001b[2m     \u001b[90m 52 |\u001b[39m                         \u001b[36mif\u001b[39m (weather\u001b[33m.\u001b[39mname \u001b[33m===\u001b[39m \u001b[32m'CrosswindLeft'\u001b[39m) {\u001b[22m\n\u001b[2m    \u001b[31m\u001b[1m>\u001b[22m\u001b[2m\u001b[39m\u001b[90m 53 |\u001b[39m                             expect(trajectory\u001b[33m.\u001b[39mlateralDeviation)\u001b[33m.\u001b[39mtoBeGreaterThan(\u001b[35m10\u001b[39m)\u001b[33m;\u001b[39m \u001b[90m// Doit dévier à droite\u001b[39m\u001b[22m\n\u001b[2m     \u001b[90m    |\u001b[39m                                                                 \u001b[31m\u001b[1m^\u001b[22m\u001b[2m\u001b[39m\u001b[22m\n\u001b[2m     \u001b[90m 54 |\u001b[39m                         }\u001b[22m\n\u001b[2m     \u001b[90m 55 |\u001b[39m\u001b[22m\n\u001b[2m     \u001b[90m 56 |\u001b[39m                         \u001b[90m// Vérification physique : Vent de face = moins de distance\u001b[39m\u001b[0m\u001b[22m\n\u001b[2m\u001b[22m\n\u001b[2m      \u001b[2mat Object.toBeGreaterThan (\u001b[22m\u001b[2m\u001b[0m\u001b[36mDocuments/Dev_NM/Golf_Lab_NM/tests/physics.test.js\u001b[39m\u001b[0m\u001b[2m:53:65)\u001b[22m\u001b[2m\u001b[22m\n\n\u001b[1m\u001b[31m  \u001b[1m● \u001b[22m\u001b[1mPhysicsEngine Exhaustive Suite › Club/Weather/Shot Matrix › Club: 8i | Weather: CrosswindLeft | Shot: HighDraw\u001b[39m\u001b[22m\n\n    \u001b[2mexpect(\u001b[22m\u001b[31mreceived\u001b[39m\u001b[2m).\u001b[22mtoBeGreaterThan\u001b[2m(\u001b[22m\u001b[32mexpected\u001b[39m\u001b[2m)\u001b[22m\n\n    Expected: > \u001b[32m10\u001b[39m\n    Received:   \u001b[31m-5.209042918821903\u001b[39m\n\u001b[2m\u001b[22m\n\u001b[2m    \u001b[0m \u001b[90m 51 |\u001b[39m                         \u001b[90m// Vérification physique : Le vent latéral doit impacter la déviation\u001b[39m\u001b[22m\n\u001b[2m     \u001b[90m 52 |\u001b[39m                         \u001b[36mif\u001b[39m (weather\u001b[33m.\u001b[39mname \u001b[33m===\u001b[39m \u001b[32m'CrosswindLeft'\u001b[39m) {\u001b[22m\n\u001b[2m    \u001b[31m\u001b[1m>\u001b[22m\u001b[2m\u001b[39m\u001b[90m 53 |\u001b[39m                             expect(trajectory\u001b[33m.\u001b[39mlateralDeviation)\u001b[33m.\u001b[39mtoBeGreaterThan(\u001b[35m10\u001b[39m)\u001b[33m;\u001b[39m \u001b[90m// Doit dévier à droite\u001b[39m\u001b[22m\n\u001b[2m     \u001b[90m    |\u001b[39m                                                                 \u001b[31m\u001b[1m^\u001b[22m\u001b[2m\u001b[39m\u001b[22m\n\u001b[2m     \u001b[90m 54 |\u001b[39m                         }\u001b[22m\n\u001b[2m     \u001b[90m 55 |\u001b[39m\u001b[22m\n\u001b[2m     \u001b[90m 56 |\u001b[39m                         \u001b[90m// Vérification physique : Vent de face = moins de distance\u001b[39m\u001b[0m\u001b[22m\n\u001b[2m\u001b[22m\n\u001b[2m      \u001b[2mat Object.toBeGreaterThan (\u001b[22m\u001b[2m\u001b[0m\u001b[36mDocuments/Dev_NM/Golf_Lab_NM/tests/physics.test.js\u001b[39m\u001b[0m\u001b[2m:53:65)\u001b[22m\u001b[2m\u001b[22m\n\n\u001b[1m\u001b[31m  \u001b[1m● \u001b[22m\u001b[1mPhysicsEngine Exhaustive Suite › Club/Weather/Shot Matrix › Club: 9i | Weather: CrosswindLeft | Shot: Hook\u001b[39m\u001b[22m\n\n    \u001b[2mexpect(\u001b[22m\u001b[31mreceived\u001b[39m\u001b[2m).\u001b[22mtoBeGreaterThan\u001b[2m(\u001b[22m\u001b[32mexpected\u001b[39m\u001b[2m)\u001b[22m\n\n    Expected: > \u001b[32m10\u001b[39m\n    Received:   \u001b[31m4.711726079085608\u001b[39m\n\u001b[2m\u001b[22m\n\u001b[2m    \u001b[0m \u001b[90m 51 |\u001b[39m                         \u001b[90m// Vérification physique : Le vent latéral doit impacter la déviation\u001b[39m\u001b[22m\n\u001b[2m     \u001b[90m 52 |\u001b[39m                         \u001b[36mif\u001b[39m (weather\u001b[33m.\u001b[39mname \u001b[33m===\u001b[39m \u001b[32m'CrosswindLeft'\u001b[39m) {\u001b[22m\n\u001b[2m    \u001b[31m\u001b[1m>\u001b[22m\u001b[2m\u001b[39m\u001b[90m 53 |\u001b[39m                             expect(trajectory\u001b[33m.\u001b[39mlateralDeviation)\u001b[33m.\u001b[39mtoBeGreaterThan(\u001b[35m10\u001b[39m)\u001b[33m;\u001b[39m \u001b[90m// Doit dévier à droite\u001b[39m\u001b[22m\n\u001b[2m     \u001b[90m    |\u001b[39m                                                                 \u001b[31m\u001b[1m^\u001b[22m\u001b[2m\u001b[39m\u001b[22m\n\u001b[2m     \u001b[90m 54 |\u001b[39m                         }\u001b[22m\n\u001b[2m     \u001b[90m 55 |\u001b[39m\u001b[22m\n\u001b[2m     \u001b[90m 56 |\u001b[39m                         \u001b[90m// Vérification physique : Vent de face = moins de distance\u001b[39m\u001b[0m\u001b[22m\n\u001b[2m\u001b[22m\n\u001b[2m      \u001b[2mat Object.toBeGreaterThan (\u001b[22m\u001b[2m\u001b[0m\u001b[36mDocuments/Dev_NM/Golf_Lab_NM/tests/physics.test.js\u001b[39m\u001b[0m\u001b[2m:53:65)\u001b[22m\u001b[2m\u001b[22m\n\n\u001b[1m\u001b[31m  \u001b[1m● \u001b[22m\u001b[1mPhysicsEngine Exhaustive Suite › Club/Weather/Shot Matrix › Club: 9i | Weather: CrosswindLeft | Shot: HighDraw\u001b[39m\u001b[22m\n\n    \u001b[2mexpect(\u001b[22m\u001b[31mreceived\u001b[39m\u001b[2m).\u001b[22mtoBeGreaterThan\u001b[2m(\u001b[22m\u001b[32mexpected\u001b[39m\u001b[2m)\u001b[22m\n\n    Expected: > \u001b[32m10\u001b[39m\n    Received:   \u001b[31m-2.941991791249991\u001b[39m\n\u001b[2m\u001b[22m\n\u001b[2m    \u001b[0m \u001b[90m 51 |\u001b[39m                         \u001b[90m// Vérification physique : Le vent latéral doit impacter la déviation\u001b[39m\u001b[22m\n\u001b[2m     \u001b[90m 52 |\u001b[39m                         \u001b[36mif\u001b[39m (weather\u001b[33m.\u001b[39mname \u001b[33m===\u001b[39m \u001b[32m'CrosswindLeft'\u001b[39m) {\u001b[22m\n\u001b[2m    \u001b[31m\u001b[1m>\u001b[22m\u001b[2m\u001b[39m\u001b[90m 53 |\u001b[39m                             expect(trajectory\u001b[33m.\u001b[39mlateralDeviation)\u001b[33m.\u001b[39mtoBeGreaterThan(\u001b[35m10\u001b[39m)\u001b[33m;\u001b[39m \u001b[90m// Doit dévier à droite\u001b[39m\u001b[22m\n\u001b[2m     \u001b[90m    |\u001b[39m                                                                 \u001b[31m\u001b[1m^\u001b[22m\u001b[2m\u001b[39m\u001b[22m\n\u001b[2m     \u001b[90m 54 |\u001b[39m                         }\u001b[22m\n\u001b[2m     \u001b[90m 55 |\u001b[39m\u001b[22m\n\u001b[2m     \u001b[90m 56 |\u001b[39m                         \u001b[90m// Vérification physique : Vent de face = moins de distance\u001b[39m\u001b[0m\u001b[22m\n\u001b[2m\u001b[22m\n\u001b[2m      \u001b[2mat Object.toBeGreaterThan (\u001b[22m\u001b[2m\u001b[0m\u001b[36mDocuments/Dev_NM/Golf_Lab_NM/tests/physics.test.js\u001b[39m\u001b[0m\u001b[2m:53:65)\u001b[22m\u001b[2m\u001b[22m\n\n\u001b[1m\u001b[31m  \u001b[1m● \u001b[22m\u001b[1mPhysicsEngine Exhaustive Suite › Club/Weather/Shot Matrix › Club: PW | Weather: CrosswindLeft | Shot: Hook\u001b[39m\u001b[22m\n\n    \u001b[2mexpect(\u001b[22m\u001b[31mreceived\u001b[39m\u001b[2m).\u001b[22mtoBeGreaterThan\u001b[2m(\u001b[22m\u001b[32mexpected\u001b[39m\u001b[2m)\u001b[22m\n\n    Expected: > \u001b[32m10\u001b[39m\n    Received:   \u001b[31m5.356699277861865\u001b[39m\n\u001b[2m\u001b[22m\n\u001b[2m    \u001b[0m \u001b[90m 51 |\u001b[39m                         \u001b[90m// Vérification physique : Le vent latéral doit impacter la déviation\u001b[39m\u001b[22m\n\u001b[2m     \u001b[90m 52 |\u001b[39m                         \u001b[36mif\u001b[39m (weather\u001b[33m.\u001b[39mname \u001b[33m===\u001b[39m \u001b[32m'CrosswindLeft'\u001b[39m) {\u001b[22m\n\u001b[2m    \u001b[31m\u001b[1m>\u001b[22m\u001b[2m\u001b[39m\u001b[90m 53 |\u001b[39m                             expect(trajectory\u001b[33m.\u001b[39mlateralDeviation)\u001b[33m.\u001b[39mtoBeGreaterThan(\u001b[35m10\u001b[39m)\u001b[33m;\u001b[39m \u001b[90m// Doit dévier à droite\u001b[39m\u001b[22m\n\u001b[2m     \u001b[90m    |\u001b[39m                                                                 \u001b[31m\u001b[1m^\u001b[22m\u001b[2m\u001b[39m\u001b[22m\n\u001b[2m     \u001b[90m 54 |\u001b[39m                         }\u001b[22m\n\u001b[2m     \u001b[90m 55 |\u001b[39m\u001b[22m\n\u001b[2m     \u001b[90m 56 |\u001b[39m                         \u001b[90m// Vérification physique : Vent de face = moins de distance\u001b[39m\u001b[0m\u001b[22m\n\u001b[2m\u001b[22m\n\u001b[2m      \u001b[2mat Object.toBeGreaterThan (\u001b[22m\u001b[2m\u001b[0m\u001b[36mDocuments/Dev_NM/Golf_Lab_NM/tests/physics.test.js\u001b[39m\u001b[0m\u001b[2m:53:65)\u001b[22m\u001b[2m\u001b[22m\n\n\u001b[1m\u001b[31m  \u001b[1m● \u001b[22m\u001b[1mPhysicsEngine Exhaustive Suite › Club/Weather/Shot Matrix › Club: PW | Weather: CrosswindLeft | Shot: HighDraw\u001b[39m\u001b[22m\n\n    \u001b[2mexpect(\u001b[22m\u001b[31mreceived\u001b[39m\u001b[2m).\u001b[22mtoBeGreaterThan\u001b[2m(\u001b[22m\u001b[32mexpected\u001b[39m\u001b[2m)\u001b[22m\n\n    Expected: > \u001b[32m10\u001b[39m\n    Received:   \u001b[31m-0.3583956153300244\u001b[39m\n\u001b[2m\u001b[22m\n\u001b[2m    \u001b[0m \u001b[90m 51 |\u001b[39m                         \u001b[90m// Vérification physique : Le vent latéral doit impacter la déviation\u001b[39m\u001b[22m\n\u001b[2m     \u001b[90m 52 |\u001b[39m                         \u001b[36mif\u001b[39m (weather\u001b[33m.\u001b[39mname \u001b[33m===\u001b[39m \u001b[32m'CrosswindLeft'\u001b[39m) {\u001b[22m\n\u001b[2m    \u001b[31m\u001b[1m>\u001b[22m\u001b[2m\u001b[39m\u001b[90m 53 |\u001b[39m                             expect(trajectory\u001b[33m.\u001b[39mlateralDeviation)\u001b[33m.\u001b[39mtoBeGreaterThan(\u001b[35m10\u001b[39m)\u001b[33m;\u001b[39m \u001b[90m// Doit dévier à droite\u001b[39m\u001b[22m\n\u001b[2m     \u001b[90m    |\u001b[39m                                                                 \u001b[31m\u001b[1m^\u001b[22m\u001b[2m\u001b[39m\u001b[22m\n\u001b[2m     \u001b[90m 54 |\u001b[39m                         }\u001b[22m\n\u001b[2m     \u001b[90m 55 |\u001b[39m\u001b[22m\n\u001b[2m     \u001b[90m 56 |\u001b[39m                         \u001b[90m// Vérification physique : Vent de face = moins de distance\u001b[39m\u001b[0m\u001b[22m\n\u001b[2m\u001b[22m\n\u001b[2m      \u001b[2mat Object.toBeGreaterThan (\u001b[22m\u001b[2m\u001b[0m\u001b[36mDocuments/Dev_NM/Golf_Lab_NM/tests/physics.test.js\u001b[39m\u001b[0m\u001b[2m:53:65)\u001b[22m\u001b[2m\u001b[22m\n\n\u001b[1m\u001b[31m  \u001b[1m● \u001b[22m\u001b[1mPhysicsEngine Exhaustive Suite › Club/Weather/Shot Matrix › Club: SW | Weather: CrosswindLeft | Shot: Hook\u001b[39m\u001b[22m\n\n    \u001b[2mexpect(\u001b[22m\u001b[31mreceived\u001b[39m\u001b[2m).\u001b[22mtoBeGreaterThan\u001b[2m(\u001b[22m\u001b[32mexpected\u001b[39m\u001b[2m)\u001b[22m\n\n    Expected: > \u001b[32m10\u001b[39m\n    Received:   \u001b[31m6.860434619688867\u001b[39m\n\u001b[2m\u001b[22m\n\u001b[2m    \u001b[0m \u001b[90m 51 |\u001b[39m                         \u001b[90m// Vérification physique : Le vent latéral doit impacter la déviation\u001b[39m\u001b[22m\n\u001b[2m     \u001b[90m 52 |\u001b[39m                         \u001b[36mif\u001b[39m (weather\u001b[33m.\u001b[39mname \u001b[33m===\u001b[39m \u001b[32m'CrosswindLeft'\u001b[39m) {\u001b[22m\n\u001b[2m    \u001b[31m\u001b[1m>\u001b[22m\u001b[2m\u001b[39m\u001b[90m 53 |\u001b[39m                             expect(trajectory\u001b[33m.\u001b[39mlateralDeviation)\u001b[33m.\u001b[39mtoBeGreaterThan(\u001b[35m10\u001b[39m)\u001b[33m;\u001b[39m \u001b[90m// Doit dévier à droite\u001b[39m\u001b[22m\n\u001b[2m     \u001b[90m    |\u001b[39m                                                                 \u001b[31m\u001b[1m^\u001b[22m\u001b[2m\u001b[39m\u001b[22m\n\u001b[2m     \u001b[90m 54 |\u001b[39m                         }\u001b[22m\n\u001b[2m     \u001b[90m 55 |\u001b[39m\u001b[22m\n\u001b[2m     \u001b[90m 56 |\u001b[39m                         \u001b[90m// Vérification physique : Vent de face = moins de distance\u001b[39m\u001b[0m\u001b[22m\n\u001b[2m\u001b[22m\n\u001b[2m      \u001b[2mat Object.toBeGreaterThan (\u001b[22m\u001b[2m\u001b[0m\u001b[36mDocuments/Dev_NM/Golf_Lab_NM/tests/physics.test.js\u001b[39m\u001b[0m\u001b[2m:53:65)\u001b[22m\u001b[2m\u001b[22m\n\n\u001b[1m\u001b[31m  \u001b[1m● \u001b[22m\u001b[1mPhysicsEngine Exhaustive Suite › Club/Weather/Shot Matrix › Club: SW | Weather: CrosswindLeft | Shot: HighDraw\u001b[39m\u001b[22m\n\n    \u001b[2mexpect(\u001b[22m\u001b[31mreceived\u001b[39m\u001b[2m).\u001b[22mtoBeGreaterThan\u001b[2m(\u001b[22m\u001b[32mexpected\u001b[39m\u001b[2m)\u001b[22m\n\n    Expected: > \u001b[32m10\u001b[39m\n    Received:   \u001b[31m2.7820438923641104\u001b[39m\n\u001b[2m\u001b[22m\n\u001b[2m    \u001b[0m \u001b[90m 51 |\u001b[39m                         \u001b[90m// Vérification physique : Le vent latéral doit impacter la déviation\u001b[39m\u001b[22m\n\u001b[2m     \u001b[90m 52 |\u001b[39m                         \u001b[36mif\u001b[39m (weather\u001b[33m.\u001b[39mname \u001b[33m===\u001b[39m \u001b[32m'CrosswindLeft'\u001b[39m) {\u001b[22m\n\u001b[2m    \u001b[31m\u001b[1m>\u001b[22m\u001b[2m\u001b[39m\u001b[90m 53 |\u001b[39m                             expect(trajectory\u001b[33m.\u001b[39mlateralDeviation)\u001b[33m.\u001b[39mtoBeGreaterThan(\u001b[35m10\u001b[39m)\u001b[33m;\u001b[39m \u001b[90m// Doit dévier à droite\u001b[39m\u001b[22m\n\u001b[2m     \u001b[90m    |\u001b[39m                                                                 \u001b[31m\u001b[1m^\u001b[22m\u001b[2m\u001b[39m\u001b[22m\n\u001b[2m     \u001b[90m 54 |\u001b[39m                         }\u001b[22m\n\u001b[2m     \u001b[90m 55 |\u001b[39m\u001b[22m\n\u001b[2m     \u001b[90m 56 |\u001b[39m                         \u001b[90m// Vérification physique : Vent de face = moins de distance\u001b[39m\u001b[0m\u001b[22m\n\u001b[2m\u001b[22m\n\u001b[2m      \u001b[2mat Object.toBeGreaterThan (\u001b[22m\u001b[2m\u001b[0m\u001b[36mDocuments/Dev_NM/Golf_Lab_NM/tests/physics.test.js\u001b[39m\u001b[0m\u001b[2m:53:65)\u001b[22m\u001b[2m\u001b[22m\n\n\u001b[1m\u001b[31m  \u001b[1m● \u001b[22m\u001b[1mPhysicsEngine Exhaustive Suite › Club/Weather/Shot Matrix › Club: LW | Weather: CrosswindLeft | Shot: Hook\u001b[39m\u001b[22m\n\n    \u001b[2mexpect(\u001b[22m\u001b[31mreceived\u001b[39m\u001b[2m).\u001b[22mtoBeGreaterThan\u001b[2m(\u001b[22m\u001b[32mexpected\u001b[39m\u001b[2m)\u001b[22m\n\n    Expected: > \u001b[32m10\u001b[39m\n    Received:   \u001b[31m7.641846943948323\u001b[39m\n\u001b[2m\u001b[22m\n\u001b[2m    \u001b[0m \u001b[90m 51 |\u001b[39m                         \u001b[90m// Vérification physique : Le vent latéral doit impacter la déviation\u001b[39m\u001b[22m\n\u001b[2m     \u001b[90m 52 |\u001b[39m                         \u001b[36mif\u001b[39m (weather\u001b[33m.\u001b[39mname \u001b[33m===\u001b[39m \u001b[32m'CrosswindLeft'\u001b[39m) {\u001b[22m\n\u001b[2m    \u001b[31m\u001b[1m>\u001b[22m\u001b[2m\u001b[39m\u001b[90m 53 |\u001b[39m                             expect(trajectory\u001b[33m.\u001b[39mlateralDeviation)\u001b[33m.\u001b[39mtoBeGreaterThan(\u001b[35m10\u001b[39m)\u001b[33m;\u001b[39m \u001b[90m// Doit dévier à droite\u001b[39m\u001b[22m\n\u001b[2m     \u001b[90m    |\u001b[39m                                                                 \u001b[31m\u001b[1m^\u001b[22m\u001b[2m\u001b[39m\u001b[22m\n\u001b[2m     \u001b[90m 54 |\u001b[39m                         }\u001b[22m\n\u001b[2m     \u001b[90m 55 |\u001b[39m\u001b[22m\n\u001b[2m     \u001b[90m 56 |\u001b[39m                         \u001b[90m// Vérification physique : Vent de face = moins de distance\u001b[39m\u001b[0m\u001b[22m\n\u001b[2m\u001b[22m\n\u001b[2m      \u001b[2mat Object.toBeGreaterThan (\u001b[22m\u001b[2m\u001b[0m\u001b[36mDocuments/Dev_NM/Golf_Lab_NM/tests/physics.test.js\u001b[39m\u001b[0m\u001b[2m:53:65)\u001b[22m\u001b[2m\u001b[22m\n\n\u001b[1m\u001b[31m  \u001b[1m● \u001b[22m\u001b[1mPhysicsEngine Exhaustive Suite › Club/Weather/Shot Matrix › Club: LW | Weather: CrosswindLeft | Shot: HighDraw\u001b[39m\u001b[22m\n\n    \u001b[2mexpect(\u001b[22m\u001b[31mreceived\u001b[39m\u001b[2m).\u001b[22mtoBeGreaterThan\u001b[2m(\u001b[22m\u001b[32mexpected\u001b[39m\u001b[2m)\u001b[22m\n\n    Expected: > \u001b[32m10\u001b[39m\n    Received:   \u001b[31m4.649355207098332\u001b[39m\n\u001b[2m\u001b[22m\n\u001b[2m    \u001b[0m \u001b[90m 51 |\u001b[39m                         \u001b[90m// Vérification physique : Le vent latéral doit impacter la déviation\u001b[39m\u001b[22m\n\u001b[2m     \u001b[90m 52 |\u001b[39m                         \u001b[36mif\u001b[39m (weather\u001b[33m.\u001b[39mname \u001b[33m===\u001b[39m \u001b[32m'CrosswindLeft'\u001b[39m) {\u001b[22m\n\u001b[2m    \u001b[31m\u001b[1m>\u001b[22m\u001b[2m\u001b[39m\u001b[90m 53 |\u001b[39m                             expect(trajectory\u001b[33m.\u001b[39mlateralDeviation)\u001b[33m.\u001b[39mtoBeGreaterThan(\u001b[35m10\u001b[39m)\u001b[33m;\u001b[39m \u001b[90m// Doit dévier à droite\u001b[39m\u001b[22m\n\u001b[2m     \u001b[90m    |\u001b[39m                                                                 \u001b[31m\u001b[1m^\u001b[22m\u001b[2m\u001b[39m\u001b[22m\n\u001b[2m     \u001b[90m 54 |\u001b[39m                         }\u001b[22m\n\u001b[2m     \u001b[90m 55 |\u001b[39m\u001b[22m\n\u001b[2m     \u001b[90m 56 |\u001b[39m                         \u001b[90m// Vérification physique : Vent de face = moins de distance\u001b[39m\u001b[0m\u001b[22m\n\u001b[2m\u001b[22m\n\u001b[2m      \u001b[2mat Object.toBeGreaterThan (\u001b[22m\u001b[2m\u001b[0m\u001b[36mDocuments/Dev_NM/Golf_Lab_NM/tests/physics.test.js\u001b[39m\u001b[0m\u001b[2m:53:65)\u001b[22m\u001b[2m\u001b[22m\n","name":"C:\\Users\\nm\\Documents\\Dev_NM\\Golf_Lab_NM\\tests\\physics.test.js","startTime":1770889144047,"status":"failed","summary":""}],"wasInterrupted":false}
